#! /usr/bin/vvp
:ivl_version "10.1 (stable)";
:ivl_delay_selection "TYPICAL";
:vpi_time_precision - 12;
:vpi_module "system";
:vpi_module "vhdl_sys";
:vpi_module "v2005_math";
:vpi_module "va_math";
S_0x55f474d879b0 .scope module, "test_fpu" "test_fpu" 2 7;
 .timescale -9 -12;
P_0x55f474d90240 .param/l "DATA_WIDTH" 0 2 9, +C4<00000000000000000000000000100000>;
P_0x55f474d90280 .param/l "INST_WIDTH" 0 2 10, +C4<00000000000000000000000000000001>;
P_0x55f474d902c0 .param/l "NUM_OF_INST" 0 2 11, +C4<00000000000000000000000000000010>;
P_0x55f474d90300 .param/l "NUM_OF_TEST" 0 2 12, +C4<00000000000000000000000000001010>;
v0x55f474dbc8f0_0 .net "clk", 0 0, v0x55f474d8ba00_0;  1 drivers
v0x55f474dbc9b0_0 .net "idata_a", 31 0, v0x55f474dbbee0_0;  1 drivers
v0x55f474dbca70_0 .net "idata_b", 31 0, v0x55f474dbbfa0_0;  1 drivers
v0x55f474dbcb10_0 .net "inst", 0 0, v0x55f474dbc040_0;  1 drivers
v0x55f474dbcc20_0 .net "ivalid", 0 0, v0x55f474dbc0e0_0;  1 drivers
v0x55f474dbcd60_0 .net "odata", 31 0, L_0x55f474dd7b70;  1 drivers
L_0x7f5d5a2a6b58 .functor BUFT 1, C4<1>, C4<0>, C4<0>, C4<0>;
v0x55f474dbce20_0 .net "ovalid", 0 0, L_0x7f5d5a2a6b58;  1 drivers
v0x55f474dbcec0_0 .net "rst_n", 0 0, v0x55f474d8fff0_0;  1 drivers
S_0x55f474d79f90 .scope module, "u_clk" "Clkgen" 2 58, 2 65 0, S_0x55f474d879b0;
 .timescale -9 -12;
    .port_info 0 /OUTPUT 1 "clk"
    .port_info 1 /OUTPUT 1 "rst_n"
v0x55f474d8ba00_0 .var "clk", 0 0;
v0x55f474d8fff0_0 .var "rst_n", 0 0;
S_0x55f474d7a1c0 .scope module, "u_fpu" "fpu" 2 31, 3 1 0, S_0x55f474d879b0;
 .timescale -9 -12;
    .port_info 0 /INPUT 1 "i_clk"
    .port_info 1 /INPUT 1 "i_rst_n"
    .port_info 2 /INPUT 32 "i_data_a"
    .port_info 3 /INPUT 32 "i_data_b"
    .port_info 4 /INPUT 1 "i_inst"
    .port_info 5 /INPUT 1 "i_valid"
    .port_info 6 /OUTPUT 32 "o_data"
    .port_info 7 /OUTPUT 1 "o_valid"
P_0x55f474d8b180 .param/l "DATA_WIDTH" 0 3 2, +C4<00000000000000000000000000100000>;
P_0x55f474d8b1c0 .param/l "INST_WIDTH" 0 3 3, +C4<00000000000000000000000000000001>;
L_0x55f474cdcd90 .functor XOR 1, L_0x55f474dbe340, L_0x55f474dbe610, C4<0>, C4<0>;
L_0x55f474cdce80 .functor NOT 1, L_0x55f474cdcd90, C4<0>, C4<0>, C4<0>;
L_0x55f474cf3aa0 .functor AND 1, L_0x55f474dcfdc0, L_0x55f474dd0470, C4<1>, C4<1>;
L_0x55f474cf3bd0 .functor AND 1, L_0x55f474dd08e0, L_0x55f474dd0c70, C4<1>, C4<1>;
L_0x55f474d84c90 .functor AND 1, L_0x55f474dd13c0, L_0x55f474dd1730, C4<1>, C4<1>;
L_0x55f474d84d00 .functor AND 1, L_0x55f474dd1e50, L_0x55f474dd2270, C4<1>, C4<1>;
L_0x55f474d8b8f0 .functor AND 1, L_0x55f474d84d00, L_0x55f474dd27d0, C4<1>, C4<1>;
L_0x55f474dd2e80 .functor XOR 1, L_0x55f474dbd570, L_0x55f474dbd610, C4<0>, C4<0>;
L_0x55f474dd3cb0 .functor NOT 1, L_0x55f474dd2e80, C4<0>, C4<0>, C4<0>;
L_0x55f474dd45b0 .functor XOR 1, L_0x55f474dbd570, L_0x55f474dbd610, C4<0>, C4<0>;
L_0x55f474dd5930 .functor NOT 1, v0x55f474dbc040_0, C4<0>, C4<0>, C4<0>;
L_0x7f5d5a2a6018 .functor BUFT 1, C4<1>, C4<0>, C4<0>, C4<0>;
v0x55f474d86060_0 .net/2u *"_s0", 0 0, L_0x7f5d5a2a6018;  1 drivers
L_0x7f5d5a2a62e8 .functor BUFT 1, C4<0000000000000000000000000000000>, C4<0>, C4<0>, C4<0>;
v0x55f474d86ed0_0 .net *"_s101", 30 0, L_0x7f5d5a2a62e8;  1 drivers
L_0x7f5d5a2a6330 .functor BUFT 1, C4<00000000000000000000000000000000>, C4<0>, C4<0>, C4<0>;
v0x55f474d86f70_0 .net/2u *"_s102", 31 0, L_0x7f5d5a2a6330;  1 drivers
v0x55f474d90b60_0 .net *"_s104", 0 0, L_0x55f474dd0470;  1 drivers
v0x55f474d90c00_0 .net *"_s106", 0 0, L_0x55f474cf3aa0;  1 drivers
v0x55f474dac1c0_0 .net *"_s109", 22 0, L_0x55f474dd0650;  1 drivers
v0x55f474dac2a0_0 .net *"_s110", 31 0, L_0x55f474dd0840;  1 drivers
L_0x7f5d5a2a6378 .functor BUFT 1, C4<0000000000000000000000000000000>, C4<0>, C4<0>, C4<0>;
v0x55f474dac380_0 .net *"_s113", 30 0, L_0x7f5d5a2a6378;  1 drivers
L_0x7f5d5a2a63c0 .functor BUFT 1, C4<00000000000000000000000000000001>, C4<0>, C4<0>, C4<0>;
v0x55f474dac460_0 .net/2u *"_s114", 31 0, L_0x7f5d5a2a63c0;  1 drivers
v0x55f474dac540_0 .net *"_s116", 0 0, L_0x55f474dd08e0;  1 drivers
v0x55f474dac600_0 .net *"_s118", 31 0, L_0x55f474dd0b80;  1 drivers
L_0x7f5d5a2a6408 .functor BUFT 1, C4<0000000000000000000000000000000>, C4<0>, C4<0>, C4<0>;
v0x55f474dac6e0_0 .net *"_s121", 30 0, L_0x7f5d5a2a6408;  1 drivers
L_0x7f5d5a2a6450 .functor BUFT 1, C4<00000000000000000000000000000001>, C4<0>, C4<0>, C4<0>;
v0x55f474dac7c0_0 .net/2u *"_s122", 31 0, L_0x7f5d5a2a6450;  1 drivers
v0x55f474dac8a0_0 .net *"_s124", 0 0, L_0x55f474dd0c70;  1 drivers
v0x55f474dac960_0 .net *"_s126", 0 0, L_0x55f474cf3bd0;  1 drivers
v0x55f474daca40_0 .net *"_s129", 22 0, L_0x55f474dd0fc0;  1 drivers
L_0x7f5d5a2a6498 .functor BUFT 1, C4<00000000000000000000001>, C4<0>, C4<0>, C4<0>;
v0x55f474dacb20_0 .net/2u *"_s130", 22 0, L_0x7f5d5a2a6498;  1 drivers
v0x55f474dacc00_0 .net *"_s132", 22 0, L_0x55f474dd1060;  1 drivers
v0x55f474dacce0_0 .net *"_s134", 31 0, L_0x55f474dd1320;  1 drivers
L_0x7f5d5a2a64e0 .functor BUFT 1, C4<0000000000000000000000000000000>, C4<0>, C4<0>, C4<0>;
v0x55f474dacdc0_0 .net *"_s137", 30 0, L_0x7f5d5a2a64e0;  1 drivers
L_0x7f5d5a2a6528 .functor BUFT 1, C4<00000000000000000000000000000000>, C4<0>, C4<0>, C4<0>;
v0x55f474dacea0_0 .net/2u *"_s138", 31 0, L_0x7f5d5a2a6528;  1 drivers
v0x55f474dacf80_0 .net *"_s140", 0 0, L_0x55f474dd13c0;  1 drivers
v0x55f474dad040_0 .net *"_s142", 31 0, L_0x55f474dd1690;  1 drivers
L_0x7f5d5a2a6570 .functor BUFT 1, C4<0000000000000000000000000000000>, C4<0>, C4<0>, C4<0>;
v0x55f474dad120_0 .net *"_s145", 30 0, L_0x7f5d5a2a6570;  1 drivers
L_0x7f5d5a2a65b8 .functor BUFT 1, C4<00000000000000000000000000000001>, C4<0>, C4<0>, C4<0>;
v0x55f474dad200_0 .net/2u *"_s146", 31 0, L_0x7f5d5a2a65b8;  1 drivers
v0x55f474dad2e0_0 .net *"_s148", 0 0, L_0x55f474dd1730;  1 drivers
v0x55f474dad3a0_0 .net *"_s150", 0 0, L_0x55f474d84c90;  1 drivers
v0x55f474dad480_0 .net *"_s153", 22 0, L_0x55f474dd1ae0;  1 drivers
v0x55f474dad560_0 .net *"_s154", 31 0, L_0x55f474dd1b80;  1 drivers
L_0x7f5d5a2a6600 .functor BUFT 1, C4<0000000000000000000000000000000>, C4<0>, C4<0>, C4<0>;
v0x55f474dad640_0 .net *"_s157", 30 0, L_0x7f5d5a2a6600;  1 drivers
L_0x7f5d5a2a6648 .functor BUFT 1, C4<00000000000000000000000000000001>, C4<0>, C4<0>, C4<0>;
v0x55f474dad720_0 .net/2u *"_s158", 31 0, L_0x7f5d5a2a6648;  1 drivers
v0x55f474dad800_0 .net *"_s160", 0 0, L_0x55f474dd1e50;  1 drivers
v0x55f474dad8c0_0 .net *"_s162", 31 0, L_0x55f474dd1fc0;  1 drivers
L_0x7f5d5a2a6690 .functor BUFT 1, C4<0000000000000000000000000000000>, C4<0>, C4<0>, C4<0>;
v0x55f474dad9a0_0 .net *"_s165", 30 0, L_0x7f5d5a2a6690;  1 drivers
L_0x7f5d5a2a66d8 .functor BUFT 1, C4<00000000000000000000000000000000>, C4<0>, C4<0>, C4<0>;
v0x55f474dada80_0 .net/2u *"_s166", 31 0, L_0x7f5d5a2a66d8;  1 drivers
v0x55f474dadb60_0 .net *"_s168", 0 0, L_0x55f474dd2270;  1 drivers
v0x55f474dadc20_0 .net *"_s170", 0 0, L_0x55f474d84d00;  1 drivers
v0x55f474dadd00_0 .net *"_s172", 31 0, L_0x55f474dd24c0;  1 drivers
L_0x7f5d5a2a6720 .functor BUFT 1, C4<0000000000000000000000000000000>, C4<0>, C4<0>, C4<0>;
v0x55f474dadde0_0 .net *"_s175", 30 0, L_0x7f5d5a2a6720;  1 drivers
L_0x7f5d5a2a6768 .functor BUFT 1, C4<00000000000000000000000000000000>, C4<0>, C4<0>, C4<0>;
v0x55f474dadec0_0 .net/2u *"_s176", 31 0, L_0x7f5d5a2a6768;  1 drivers
v0x55f474dadfa0_0 .net *"_s178", 0 0, L_0x55f474dd27d0;  1 drivers
v0x55f474dae060_0 .net *"_s180", 0 0, L_0x55f474d8b8f0;  1 drivers
v0x55f474dae140_0 .net *"_s183", 22 0, L_0x55f474dd29b0;  1 drivers
v0x55f474dae220_0 .net *"_s185", 22 0, L_0x55f474dd2c30;  1 drivers
L_0x7f5d5a2a67b0 .functor BUFT 1, C4<00000000000000000000001>, C4<0>, C4<0>, C4<0>;
v0x55f474dae300_0 .net/2u *"_s186", 22 0, L_0x7f5d5a2a67b0;  1 drivers
v0x55f474dae3e0_0 .net *"_s188", 22 0, L_0x55f474dd2de0;  1 drivers
v0x55f474dae4c0_0 .net *"_s190", 22 0, L_0x55f474dd3180;  1 drivers
v0x55f474dae5a0_0 .net *"_s192", 22 0, L_0x55f474dd3310;  1 drivers
v0x55f474dae680_0 .net *"_s194", 22 0, L_0x55f474dd36a0;  1 drivers
v0x55f474dae760_0 .net *"_s198", 0 0, L_0x55f474dd2e80;  1 drivers
v0x55f474dae840_0 .net *"_s20", 0 0, L_0x55f474dbd730;  1 drivers
v0x55f474dae900_0 .net *"_s200", 0 0, L_0x55f474dd3cb0;  1 drivers
v0x55f474dae9e0_0 .net *"_s204", 47 0, L_0x55f474dd3dc0;  1 drivers
L_0x7f5d5a2a67f8 .functor BUFT 1, C4<000000000000000000000000>, C4<0>, C4<0>, C4<0>;
v0x55f474daeac0_0 .net *"_s207", 23 0, L_0x7f5d5a2a67f8;  1 drivers
v0x55f474daeba0_0 .net *"_s208", 47 0, L_0x55f474dd4110;  1 drivers
L_0x7f5d5a2a6840 .functor BUFT 1, C4<000000000000000000000000>, C4<0>, C4<0>, C4<0>;
v0x55f474daec80_0 .net *"_s211", 23 0, L_0x7f5d5a2a6840;  1 drivers
v0x55f474daed60_0 .net *"_s214", 0 0, L_0x55f474dd45b0;  1 drivers
L_0x7f5d5a2a6888 .functor BUFT 1, C4<01>, C4<0>, C4<0>, C4<0>;
v0x55f474daee40_0 .net/2s *"_s216", 1 0, L_0x7f5d5a2a6888;  1 drivers
L_0x7f5d5a2a68d0 .functor BUFT 1, C4<00>, C4<0>, C4<0>, C4<0>;
v0x55f474daef20_0 .net/2s *"_s218", 1 0, L_0x7f5d5a2a68d0;  1 drivers
v0x55f474daf000_0 .net *"_s220", 1 0, L_0x55f474dd4680;  1 drivers
v0x55f474daf0e0_0 .net *"_s225", 0 0, L_0x55f474dd4af0;  1 drivers
v0x55f474daf1c0_0 .net *"_s227", 22 0, L_0x55f474dd4be0;  1 drivers
v0x55f474daf2a0_0 .net *"_s229", 22 0, L_0x55f474dd4ed0;  1 drivers
v0x55f474daf380_0 .net *"_s233", 0 0, L_0x55f474dd53a0;  1 drivers
v0x55f474daf460_0 .net *"_s234", 8 0, L_0x55f474dd5440;  1 drivers
L_0x7f5d5a2a6918 .functor BUFT 1, C4<0>, C4<0>, C4<0>, C4<0>;
v0x55f474daf950_0 .net *"_s237", 0 0, L_0x7f5d5a2a6918;  1 drivers
v0x55f474dafa30_0 .net *"_s238", 8 0, L_0x55f474dd57a0;  1 drivers
v0x55f474dafb10_0 .net *"_s24", 0 0, L_0x55f474dbd900;  1 drivers
L_0x7f5d5a2a6960 .functor BUFT 1, C4<0>, C4<0>, C4<0>, C4<0>;
v0x55f474dafbd0_0 .net *"_s241", 0 0, L_0x7f5d5a2a6960;  1 drivers
v0x55f474dafcb0_0 .net *"_s242", 8 0, L_0x55f474dd5890;  1 drivers
L_0x7f5d5a2a69a8 .functor BUFT 1, C4<010000010>, C4<0>, C4<0>, C4<0>;
v0x55f474dafd90_0 .net/2u *"_s244", 8 0, L_0x7f5d5a2a69a8;  1 drivers
v0x55f474dafe70_0 .net *"_s246", 8 0, L_0x55f474dd5cc0;  1 drivers
v0x55f474daff50_0 .net *"_s248", 8 0, L_0x55f474dd5e00;  1 drivers
L_0x7f5d5a2a69f0 .functor BUFT 1, C4<0>, C4<0>, C4<0>, C4<0>;
v0x55f474db0030_0 .net *"_s251", 0 0, L_0x7f5d5a2a69f0;  1 drivers
v0x55f474db0110_0 .net *"_s252", 8 0, L_0x55f474dd6180;  1 drivers
L_0x7f5d5a2a6a38 .functor BUFT 1, C4<0>, C4<0>, C4<0>, C4<0>;
v0x55f474db01f0_0 .net *"_s255", 0 0, L_0x7f5d5a2a6a38;  1 drivers
v0x55f474db02d0_0 .net *"_s256", 8 0, L_0x55f474dd6270;  1 drivers
L_0x7f5d5a2a6a80 .functor BUFT 1, C4<010000001>, C4<0>, C4<0>, C4<0>;
v0x55f474db03b0_0 .net/2u *"_s258", 8 0, L_0x7f5d5a2a6a80;  1 drivers
v0x55f474db0490_0 .net *"_s260", 8 0, L_0x55f474dd6650;  1 drivers
v0x55f474db0570_0 .net *"_s262", 8 0, L_0x55f474dd6790;  1 drivers
v0x55f474db0650_0 .net *"_s266", 0 0, L_0x55f474dd5930;  1 drivers
v0x55f474db0730_0 .net *"_s268", 31 0, L_0x55f474dd6cc0;  1 drivers
v0x55f474db0810_0 .net *"_s270", 31 0, L_0x55f474dd70c0;  1 drivers
L_0x7f5d5a2a6ac8 .functor BUFT 1, C4<01000000100011100001010000100111>, C4<0>, C4<0>, C4<0>;
v0x55f474db08f0_0 .net/2u *"_s272", 31 0, L_0x7f5d5a2a6ac8;  1 drivers
v0x55f474db09d0_0 .net *"_s274", 0 0, L_0x55f474dd7250;  1 drivers
L_0x7f5d5a2a6b10 .functor BUFT 1, C4<01000000100011100001010000101000>, C4<0>, C4<0>, C4<0>;
v0x55f474db0a90_0 .net/2u *"_s276", 31 0, L_0x7f5d5a2a6b10;  1 drivers
v0x55f474db0b70_0 .net *"_s278", 31 0, L_0x55f474dd7660;  1 drivers
v0x55f474db0c50_0 .net *"_s28", 0 0, L_0x55f474dbdbd0;  1 drivers
v0x55f474db0d10_0 .net *"_s280", 31 0, L_0x55f474dd7700;  1 drivers
v0x55f474db0df0_0 .net *"_s3", 22 0, L_0x55f474dbcf60;  1 drivers
v0x55f474db0ed0_0 .net *"_s32", 0 0, L_0x55f474dbde60;  1 drivers
v0x55f474db0f90_0 .net *"_s36", 0 0, L_0x55f474dbe080;  1 drivers
v0x55f474db1050_0 .net *"_s40", 0 0, L_0x55f474dbe570;  1 drivers
L_0x7f5d5a2a60a8 .functor BUFT 1, C4<000000000000000000000000>, C4<0>, C4<0>, C4<0>;
v0x55f474db1110_0 .net/2u *"_s46", 23 0, L_0x7f5d5a2a60a8;  1 drivers
v0x55f474db11f0_0 .net *"_s48", 47 0, L_0x55f474dce860;  1 drivers
L_0x7f5d5a2a60f0 .functor BUFT 1, C4<000000000000000000000000>, C4<0>, C4<0>, C4<0>;
v0x55f474db12d0_0 .net/2u *"_s52", 23 0, L_0x7f5d5a2a60f0;  1 drivers
v0x55f474db13b0_0 .net *"_s56", 0 0, L_0x55f474cdcd90;  1 drivers
v0x55f474db1490_0 .net *"_s58", 0 0, L_0x55f474cdce80;  1 drivers
L_0x7f5d5a2a6060 .functor BUFT 1, C4<1>, C4<0>, C4<0>, C4<0>;
v0x55f474db1570_0 .net/2u *"_s6", 0 0, L_0x7f5d5a2a6060;  1 drivers
v0x55f474db1650_0 .net *"_s60", 48 0, L_0x55f474dceea0;  1 drivers
L_0x7f5d5a2a6138 .functor BUFT 1, C4<0>, C4<0>, C4<0>, C4<0>;
v0x55f474db1730_0 .net *"_s63", 0 0, L_0x7f5d5a2a6138;  1 drivers
v0x55f474db1810_0 .net *"_s64", 48 0, L_0x55f474dcf030;  1 drivers
L_0x7f5d5a2a6180 .functor BUFT 1, C4<0>, C4<0>, C4<0>, C4<0>;
v0x55f474db18f0_0 .net *"_s67", 0 0, L_0x7f5d5a2a6180;  1 drivers
v0x55f474db19d0_0 .net *"_s68", 48 0, L_0x55f474dcf250;  1 drivers
v0x55f474db1ab0_0 .net *"_s70", 48 0, L_0x55f474dcf390;  1 drivers
L_0x7f5d5a2a61c8 .functor BUFT 1, C4<0>, C4<0>, C4<0>, C4<0>;
v0x55f474db1b90_0 .net *"_s73", 0 0, L_0x7f5d5a2a61c8;  1 drivers
v0x55f474db1c70_0 .net *"_s74", 48 0, L_0x55f474dcf570;  1 drivers
L_0x7f5d5a2a6210 .functor BUFT 1, C4<0>, C4<0>, C4<0>, C4<0>;
v0x55f474db1d50_0 .net *"_s77", 0 0, L_0x7f5d5a2a6210;  1 drivers
v0x55f474db1e30_0 .net *"_s78", 48 0, L_0x55f474dcf660;  1 drivers
v0x55f474db1f10_0 .net *"_s87", 23 0, L_0x55f474dcfcd0;  1 drivers
v0x55f474db1ff0_0 .net *"_s9", 22 0, L_0x55f474dbd0c0;  1 drivers
v0x55f474db20d0_0 .net *"_s90", 31 0, L_0x55f474dcff80;  1 drivers
L_0x7f5d5a2a6258 .functor BUFT 1, C4<0000000000000000000000000000000>, C4<0>, C4<0>, C4<0>;
v0x55f474db21b0_0 .net *"_s93", 30 0, L_0x7f5d5a2a6258;  1 drivers
L_0x7f5d5a2a62a0 .functor BUFT 1, C4<00000000000000000000000000000000>, C4<0>, C4<0>, C4<0>;
v0x55f474db2290_0 .net/2u *"_s94", 31 0, L_0x7f5d5a2a62a0;  1 drivers
v0x55f474db2370_0 .net *"_s96", 0 0, L_0x55f474dcfdc0;  1 drivers
v0x55f474db2430_0 .net *"_s98", 31 0, L_0x55f474dd01f0;  1 drivers
v0x55f474db2510_0 .net "added_exponent", 7 0, L_0x55f474dd6bd0;  1 drivers
v0x55f474db25f0_0 .net "big_exponent", 7 0, L_0x55f474dbd800;  1 drivers
v0x55f474db26d0_0 .net "big_fraction", 23 0, L_0x55f474dbdc70;  1 drivers
v0x55f474db27b0_0 .net "big_sign", 0 0, L_0x55f474dbe340;  1 drivers
v0x55f474db2870_0 .net "exponent_difference", 7 0, L_0x55f474dbe3e0;  1 drivers
v0x55f474db2950_0 .net "extended_big_fraction", 47 0, L_0x55f474dceba0;  1 drivers
v0x55f474db2a30_0 .net "final_sign_bit", 0 0, L_0x55f474dd3d20;  1 drivers
v0x55f474db2af0_0 .net "guard_bit", 0 0, L_0x55f474dcfa30;  1 drivers
v0x55f474db2bb0_0 .net "i_clk", 0 0, v0x55f474d8ba00_0;  alias, 1 drivers
v0x55f474db2c50_0 .net "i_data_a", 31 0, v0x55f474dbbee0_0;  alias, 1 drivers
v0x55f474db2d10_0 .net "i_data_a_exponent", 7 0, L_0x55f474dbd2d0;  1 drivers
v0x55f474db2df0_0 .net "i_data_a_fraction", 23 0, L_0x55f474dbd000;  1 drivers
v0x55f474db2ed0_0 .net "i_data_a_sign", 0 0, L_0x55f474dbd570;  1 drivers
v0x55f474db37a0_0 .net "i_data_b", 31 0, v0x55f474dbbfa0_0;  alias, 1 drivers
v0x55f474db3880_0 .net "i_data_b_exponent", 7 0, L_0x55f474dbd400;  1 drivers
v0x55f474db3960_0 .net "i_data_b_fraction", 23 0, L_0x55f474dbd160;  1 drivers
v0x55f474db3a40_0 .net "i_data_b_sign", 0 0, L_0x55f474dbd610;  1 drivers
v0x55f474db3b00_0 .net "i_inst", 0 0, v0x55f474dbc040_0;  alias, 1 drivers
v0x55f474db3be0_0 .net "i_rst_n", 0 0, v0x55f474d8fff0_0;  alias, 1 drivers
v0x55f474db3cb0_0 .net "i_valid", 0 0, v0x55f474dbc0e0_0;  alias, 1 drivers
v0x55f474db3d50_0 .net "mul_sign_bit", 0 0, L_0x55f474dd47c0;  1 drivers
v0x55f474db3e10_0 .net "multiplied_sig", 47 0, L_0x55f474dd4240;  1 drivers
v0x55f474db3ef0_0 .var "normalized_exponent", 7 0;
v0x55f474db3fd0_0 .net "o_data", 31 0, L_0x55f474dd7b70;  alias, 1 drivers
v0x55f474db40b0_0 .net "o_valid", 0 0, L_0x7f5d5a2a6b58;  alias, 1 drivers
v0x55f474db4170_0 .net "round_bit", 0 0, L_0x55f474dcfbe0;  1 drivers
v0x55f474db4230_0 .net "round_fraction", 22 0, L_0x55f474dd3830;  1 drivers
v0x55f474db4310_0 .net "rounded_fraction", 22 0, L_0x55f474dd5000;  1 drivers
v0x55f474db43f0_0 .net "shifted_small_fraction", 47 0, L_0x55f474dcea60;  1 drivers
v0x55f474db44d0_0 .var "shifted_sum_of_fraction", 48 0;
v0x55f474db45b0_0 .net "small_exponent", 7 0, L_0x55f474dbdac0;  1 drivers
v0x55f474db4690_0 .net "small_fraction", 23 0, L_0x55f474dbdf00;  1 drivers
v0x55f474db4770_0 .net "small_sign", 0 0, L_0x55f474dbe610;  1 drivers
v0x55f474db4830_0 .net "sticky_bit", 0 0, L_0x55f474dcfe90;  1 drivers
v0x55f474db48f0_0 .net "sum_of_fraction", 48 0, L_0x55f474dcf8a0;  1 drivers
E_0x55f474d21fa0 .event edge, v0x55f474db48f0_0, v0x55f474db25f0_0;
L_0x55f474dbcf60 .part v0x55f474dbbee0_0, 0, 23;
L_0x55f474dbd000 .concat [ 23 1 0 0], L_0x55f474dbcf60, L_0x7f5d5a2a6018;
L_0x55f474dbd0c0 .part v0x55f474dbbfa0_0, 0, 23;
L_0x55f474dbd160 .concat [ 23 1 0 0], L_0x55f474dbd0c0, L_0x7f5d5a2a6060;
L_0x55f474dbd2d0 .part v0x55f474dbbee0_0, 23, 8;
L_0x55f474dbd400 .part v0x55f474dbbfa0_0, 23, 8;
L_0x55f474dbd570 .part v0x55f474dbbee0_0, 31, 1;
L_0x55f474dbd610 .part v0x55f474dbbfa0_0, 31, 1;
L_0x55f474dbd730 .cmp/gt 8, L_0x55f474dbd2d0, L_0x55f474dbd400;
L_0x55f474dbd800 .functor MUXZ 8, L_0x55f474dbd400, L_0x55f474dbd2d0, L_0x55f474dbd730, C4<>;
L_0x55f474dbd900 .cmp/gt 8, L_0x55f474dbd400, L_0x55f474dbd2d0;
L_0x55f474dbdac0 .functor MUXZ 8, L_0x55f474dbd400, L_0x55f474dbd2d0, L_0x55f474dbd900, C4<>;
L_0x55f474dbdbd0 .cmp/gt 8, L_0x55f474dbd2d0, L_0x55f474dbd400;
L_0x55f474dbdc70 .functor MUXZ 24, L_0x55f474dbd160, L_0x55f474dbd000, L_0x55f474dbdbd0, C4<>;
L_0x55f474dbde60 .cmp/gt 8, L_0x55f474dbd400, L_0x55f474dbd2d0;
L_0x55f474dbdf00 .functor MUXZ 24, L_0x55f474dbd160, L_0x55f474dbd000, L_0x55f474dbde60, C4<>;
L_0x55f474dbe080 .cmp/gt 8, L_0x55f474dbd2d0, L_0x55f474dbd400;
L_0x55f474dbe340 .functor MUXZ 1, L_0x55f474dbd610, L_0x55f474dbd570, L_0x55f474dbe080, C4<>;
L_0x55f474dbe570 .cmp/gt 8, L_0x55f474dbd400, L_0x55f474dbd2d0;
L_0x55f474dbe610 .functor MUXZ 1, L_0x55f474dbd610, L_0x55f474dbd570, L_0x55f474dbe570, C4<>;
L_0x55f474dbe3e0 .arith/sub 8, L_0x55f474dbd800, L_0x55f474dbdac0;
L_0x55f474dce860 .concat [ 24 24 0 0], L_0x7f5d5a2a60a8, L_0x55f474dbdf00;
L_0x55f474dcea60 .shift/r 48, L_0x55f474dce860, L_0x55f474dbe3e0;
L_0x55f474dceba0 .concat [ 24 24 0 0], L_0x7f5d5a2a60f0, L_0x55f474dbdc70;
L_0x55f474dceea0 .concat [ 48 1 0 0], L_0x55f474dcea60, L_0x7f5d5a2a6138;
L_0x55f474dcf030 .concat [ 48 1 0 0], L_0x55f474dceba0, L_0x7f5d5a2a6180;
L_0x55f474dcf250 .arith/sum 49, L_0x55f474dceea0, L_0x55f474dcf030;
L_0x55f474dcf390 .concat [ 48 1 0 0], L_0x55f474dceba0, L_0x7f5d5a2a61c8;
L_0x55f474dcf570 .concat [ 48 1 0 0], L_0x55f474dcea60, L_0x7f5d5a2a6210;
L_0x55f474dcf660 .arith/sub 49, L_0x55f474dcf390, L_0x55f474dcf570;
L_0x55f474dcf8a0 .functor MUXZ 49, L_0x55f474dcf660, L_0x55f474dcf250, L_0x55f474cdce80, C4<>;
L_0x55f474dcfa30 .part v0x55f474db44d0_0, 25, 1;
L_0x55f474dcfbe0 .part v0x55f474db44d0_0, 24, 1;
L_0x55f474dcfcd0 .part v0x55f474db44d0_0, 0, 24;
L_0x55f474dcfe90 .reduce/or L_0x55f474dcfcd0;
L_0x55f474dcff80 .concat [ 1 31 0 0], L_0x55f474dcfbe0, L_0x7f5d5a2a6258;
L_0x55f474dcfdc0 .cmp/eq 32, L_0x55f474dcff80, L_0x7f5d5a2a62a0;
L_0x55f474dd01f0 .concat [ 1 31 0 0], L_0x55f474dcfe90, L_0x7f5d5a2a62e8;
L_0x55f474dd0470 .cmp/eq 32, L_0x55f474dd01f0, L_0x7f5d5a2a6330;
L_0x55f474dd0650 .part v0x55f474db44d0_0, 25, 23;
L_0x55f474dd0840 .concat [ 1 31 0 0], L_0x55f474dcfbe0, L_0x7f5d5a2a6378;
L_0x55f474dd08e0 .cmp/eq 32, L_0x55f474dd0840, L_0x7f5d5a2a63c0;
L_0x55f474dd0b80 .concat [ 1 31 0 0], L_0x55f474dcfe90, L_0x7f5d5a2a6408;
L_0x55f474dd0c70 .cmp/eq 32, L_0x55f474dd0b80, L_0x7f5d5a2a6450;
L_0x55f474dd0fc0 .part v0x55f474db44d0_0, 25, 23;
L_0x55f474dd1060 .arith/sum 23, L_0x55f474dd0fc0, L_0x7f5d5a2a6498;
L_0x55f474dd1320 .concat [ 1 31 0 0], L_0x55f474dcfbe0, L_0x7f5d5a2a64e0;
L_0x55f474dd13c0 .cmp/eq 32, L_0x55f474dd1320, L_0x7f5d5a2a6528;
L_0x55f474dd1690 .concat [ 1 31 0 0], L_0x55f474dcfe90, L_0x7f5d5a2a6570;
L_0x55f474dd1730 .cmp/eq 32, L_0x55f474dd1690, L_0x7f5d5a2a65b8;
L_0x55f474dd1ae0 .part v0x55f474db44d0_0, 25, 23;
L_0x55f474dd1b80 .concat [ 1 31 0 0], L_0x55f474dcfbe0, L_0x7f5d5a2a6600;
L_0x55f474dd1e50 .cmp/eq 32, L_0x55f474dd1b80, L_0x7f5d5a2a6648;
L_0x55f474dd1fc0 .concat [ 1 31 0 0], L_0x55f474dcfe90, L_0x7f5d5a2a6690;
L_0x55f474dd2270 .cmp/eq 32, L_0x55f474dd1fc0, L_0x7f5d5a2a66d8;
L_0x55f474dd24c0 .concat [ 1 31 0 0], L_0x55f474dcfa30, L_0x7f5d5a2a6720;
L_0x55f474dd27d0 .cmp/eq 32, L_0x55f474dd24c0, L_0x7f5d5a2a6768;
L_0x55f474dd29b0 .part v0x55f474db44d0_0, 25, 23;
L_0x55f474dd2c30 .part v0x55f474db44d0_0, 25, 23;
L_0x55f474dd2de0 .arith/sum 23, L_0x55f474dd2c30, L_0x7f5d5a2a67b0;
L_0x55f474dd3180 .functor MUXZ 23, L_0x55f474dd2de0, L_0x55f474dd29b0, L_0x55f474d8b8f0, C4<>;
L_0x55f474dd3310 .functor MUXZ 23, L_0x55f474dd3180, L_0x55f474dd1ae0, L_0x55f474d84c90, C4<>;
L_0x55f474dd36a0 .functor MUXZ 23, L_0x55f474dd3310, L_0x55f474dd1060, L_0x55f474cf3bd0, C4<>;
L_0x55f474dd3830 .functor MUXZ 23, L_0x55f474dd36a0, L_0x55f474dd0650, L_0x55f474cf3aa0, C4<>;
L_0x55f474dd3d20 .functor MUXZ 1, L_0x55f474dbe340, L_0x55f474dbd570, L_0x55f474dd3cb0, C4<>;
L_0x55f474dd3dc0 .concat [ 24 24 0 0], L_0x55f474dbd000, L_0x7f5d5a2a67f8;
L_0x55f474dd4110 .concat [ 24 24 0 0], L_0x55f474dbd160, L_0x7f5d5a2a6840;
L_0x55f474dd4240 .arith/mult 48, L_0x55f474dd3dc0, L_0x55f474dd4110;
L_0x55f474dd4680 .functor MUXZ 2, L_0x7f5d5a2a68d0, L_0x7f5d5a2a6888, L_0x55f474dd45b0, C4<>;
L_0x55f474dd47c0 .part L_0x55f474dd4680, 0, 1;
L_0x55f474dd4af0 .part L_0x55f474dd4240, 47, 1;
L_0x55f474dd4be0 .part L_0x55f474dd4240, 24, 23;
L_0x55f474dd4ed0 .part L_0x55f474dd4240, 23, 23;
L_0x55f474dd5000 .functor MUXZ 23, L_0x55f474dd4ed0, L_0x55f474dd4be0, L_0x55f474dd4af0, C4<>;
L_0x55f474dd53a0 .part L_0x55f474dd4240, 47, 1;
L_0x55f474dd5440 .concat [ 8 1 0 0], L_0x55f474dbd2d0, L_0x7f5d5a2a6918;
L_0x55f474dd57a0 .concat [ 8 1 0 0], L_0x55f474dbd400, L_0x7f5d5a2a6960;
L_0x55f474dd5890 .arith/sum 9, L_0x55f474dd5440, L_0x55f474dd57a0;
L_0x55f474dd5cc0 .arith/sum 9, L_0x55f474dd5890, L_0x7f5d5a2a69a8;
L_0x55f474dd5e00 .concat [ 8 1 0 0], L_0x55f474dbd2d0, L_0x7f5d5a2a69f0;
L_0x55f474dd6180 .concat [ 8 1 0 0], L_0x55f474dbd400, L_0x7f5d5a2a6a38;
L_0x55f474dd6270 .arith/sum 9, L_0x55f474dd5e00, L_0x55f474dd6180;
L_0x55f474dd6650 .arith/sum 9, L_0x55f474dd6270, L_0x7f5d5a2a6a80;
L_0x55f474dd6790 .functor MUXZ 9, L_0x55f474dd6650, L_0x55f474dd5cc0, L_0x55f474dd53a0, C4<>;
L_0x55f474dd6bd0 .part L_0x55f474dd6790, 0, 8;
L_0x55f474dd6cc0 .concat [ 23 8 1 0], L_0x55f474dd3830, v0x55f474db3ef0_0, L_0x55f474dd3d20;
L_0x55f474dd70c0 .concat [ 23 8 1 0], L_0x55f474dd5000, L_0x55f474dd6bd0, L_0x55f474dd47c0;
L_0x55f474dd7250 .cmp/eq 32, L_0x55f474dd70c0, L_0x7f5d5a2a6ac8;
L_0x55f474dd7660 .concat [ 23 8 1 0], L_0x55f474dd5000, L_0x55f474dd6bd0, L_0x55f474dd47c0;
L_0x55f474dd7700 .functor MUXZ 32, L_0x55f474dd7660, L_0x7f5d5a2a6b10, L_0x55f474dd7250, C4<>;
L_0x55f474dd7b70 .functor MUXZ 32, L_0x55f474dd7700, L_0x55f474dd6cc0, L_0x55f474dd5930, C4<>;
S_0x55f474d7a3f0 .scope module, "u_fpu_test" "fpu_test" 2 47, 2 84 0, S_0x55f474d879b0;
 .timescale -9 -12;
    .port_info 0 /INPUT 1 "i_clk"
    .port_info 1 /INPUT 1 "i_rst_n"
    .port_info 2 /INPUT 32 "i_data"
    .port_info 3 /INPUT 1 "i_valid"
    .port_info 4 /OUTPUT 32 "o_data_a"
    .port_info 5 /OUTPUT 32 "o_data_b"
    .port_info 6 /OUTPUT 1 "o_inst"
    .port_info 7 /OUTPUT 1 "o_valid"
P_0x55f474c98e40 .param/l "DATA_WIDTH" 0 2 85, +C4<00000000000000000000000000100000>;
P_0x55f474c98e80 .param/l "End" 1 2 140, +C4<00000000000000000000000000000011>;
P_0x55f474c98ec0 .param/l "INST_WIDTH" 0 2 86, +C4<00000000000000000000000000000001>;
P_0x55f474c98f00 .param/l "Idle" 1 2 137, +C4<00000000000000000000000000000000>;
P_0x55f474c98f40 .param/l "NUM_OF_INST" 0 2 87, +C4<00000000000000000000000000000010>;
P_0x55f474c98f80 .param/l "NUM_OF_TEST" 0 2 88, +C4<00000000000000000000000000001010>;
P_0x55f474c98fc0 .param/l "Test00" 1 2 138, +C4<00000000000000000000000000000001>;
P_0x55f474c99000 .param/l "Test01" 1 2 139, +C4<00000000000000000000000000000010>;
v0x55f474dbba80_0 .var "cs", 1 0;
v0x55f474dbbb80_0 .net "i_clk", 0 0, v0x55f474d8ba00_0;  alias, 1 drivers
v0x55f474dbbc40_0 .net "i_data", 31 0, L_0x55f474dd7b70;  alias, 1 drivers
v0x55f474dbbce0_0 .net "i_rst_n", 0 0, v0x55f474d8fff0_0;  alias, 1 drivers
v0x55f474dbbd80_0 .net "i_valid", 0 0, L_0x7f5d5a2a6b58;  alias, 1 drivers
v0x55f474dbbe20_0 .var "ns", 1 0;
v0x55f474dbbee0_0 .var "o_data_a", 31 0;
v0x55f474dbbfa0_0 .var "o_data_b", 31 0;
v0x55f474dbc040_0 .var "o_inst", 0 0;
v0x55f474dbc0e0_0 .var "o_valid", 0 0;
v0x55f474dbc1b0 .array "test_dataA", 1 0;
v0x55f474dbc1b0_0 .net v0x55f474dbc1b0 0, 31 0, L_0x55f474dd8890; 1 drivers
v0x55f474dbc1b0_1 .net v0x55f474dbc1b0 1, 31 0, L_0x55f474dd9d80; 1 drivers
v0x55f474dbc2b0 .array "test_dataB", 1 0;
v0x55f474dbc2b0_0 .net v0x55f474dbc2b0 0, 31 0, L_0x55f474dd8950; 1 drivers
v0x55f474dbc2b0_1 .net v0x55f474dbc2b0 1, 31 0, L_0x55f474dd9e40; 1 drivers
v0x55f474dbc3b0 .array "test_done", 1 0;
v0x55f474dbc3b0_0 .net v0x55f474dbc3b0 0, 0 0, L_0x55f474dd8f60; 1 drivers
v0x55f474dbc3b0_1 .net v0x55f474dbc3b0 1, 0 0, L_0x55f474dda450; 1 drivers
v0x55f474dbc4b0 .array "test_inst", 1 0;
v0x55f474dbc4b0_0 .net v0x55f474dbc4b0 0, 0 0, L_0x55f474dd8c60; 1 drivers
v0x55f474dbc4b0_1 .net v0x55f474dbc4b0 1, 0 0, L_0x55f474dda150; 1 drivers
v0x55f474dbc5b0 .array "test_start", 1 0, 0 0;
v0x55f474dbc6b0 .array "test_valid", 1 0;
v0x55f474dbc6b0_0 .net v0x55f474dbc6b0 0, 0 0, L_0x55f474dd8ab0; 1 drivers
v0x55f474dbc6b0_1 .net v0x55f474dbc6b0 1, 0 0, L_0x55f474dd9fa0; 1 drivers
v0x55f474dbc7b0_0 .var/i "total_error", 31 0;
E_0x55f474cfb650/0 .event edge, v0x55f474dbba80_0, v0x55f474db76a0_0, v0x55f474dbab50_0, v0x55f474db7b50_0;
E_0x55f474cfb650/1 .event edge, v0x55f474dbb000_0, v0x55f474db7eb0_0, v0x55f474dbb360_0, v0x55f474db7f90_0;
E_0x55f474cfb650/2 .event edge, v0x55f474dbb440_0, v0x55f474db7df0_0, v0x55f474dbb2a0_0, v0x55f474dbc7b0_0;
E_0x55f474cfb650/3 .event edge, v0x55f474db6bf0_0, v0x55f474dba060_0;
E_0x55f474cfb650 .event/or E_0x55f474cfb650/0, E_0x55f474cfb650/1, E_0x55f474cfb650/2, E_0x55f474cfb650/3;
S_0x55f474d80cb0 .scope generate, "test_unit[0]" "test_unit[0]" 2 111, 2 111 0, S_0x55f474d7a3f0;
 .timescale -9 -12;
P_0x55f474db5130 .param/l "i" 0 2 111, +C4<00>;
S_0x55f474d7b790 .scope module, "inst" "test_interface" 2 116, 2 194 0, S_0x55f474d80cb0;
 .timescale -9 -12;
    .port_info 0 /INPUT 1 "i_clk"
    .port_info 1 /INPUT 1 "i_rst_n"
    .port_info 2 /INPUT 1 "i_start"
    .port_info 3 /INPUT 32 "i_data"
    .port_info 4 /INPUT 1 "i_valid"
    .port_info 5 /OUTPUT 32 "o_data_a"
    .port_info 6 /OUTPUT 32 "o_data_b"
    .port_info 7 /OUTPUT 1 "o_inst"
    .port_info 8 /OUTPUT 1 "o_valid"
    .port_info 9 /OUTPUT 1 "o_done"
P_0x55f474db5260 .param/l "DATA_WIDTH" 0 2 195, +C4<00000000000000000000000000100000>;
P_0x55f474db52a0 .param/l "Done" 1 2 218, +C4<00000000000000000000000000000011>;
P_0x55f474db52e0 .param/l "Finish" 1 2 219, +C4<00000000000000000000000000000100>;
P_0x55f474db5320 .param/l "INST_WIDTH" 0 2 196, +C4<00000000000000000000000000000001>;
P_0x55f474db5360 .param/l "Idle_" 1 2 215, +C4<00000000000000000000000000000000>;
P_0x55f474db53a0 .param/l "NUM_OF_TEST" 0 2 197, +C4<00000000000000000000000000001010>;
P_0x55f474db53e0 .param/l "Read" 1 2 216, +C4<00000000000000000000000000000001>;
P_0x55f474db5420 .param/l "Write" 1 2 217, +C4<00000000000000000000000000000010>;
L_0x55f474dd8890 .functor BUFZ 32, v0x55f474db7780_0, C4<00000000000000000000000000000000>, C4<00000000000000000000000000000000>, C4<00000000000000000000000000000000>;
L_0x55f474dd8950 .functor BUFZ 32, v0x55f474db7c30_0, C4<00000000000000000000000000000000>, C4<00000000000000000000000000000000>, C4<00000000000000000000000000000000>;
L_0x55f474dd8ab0 .functor BUFZ 1, v0x55f474db8050_0, C4<0>, C4<0>, C4<0>;
v0x55f474db5af0_0 .net *"_s0", 31 0, L_0x55f474dd7d00;  1 drivers
v0x55f474db5bd0_0 .net *"_s10", 4 0, L_0x55f474dd7fd0;  1 drivers
L_0x7f5d5a2a6c30 .functor BUFT 1, C4<0>, C4<0>, C4<0>, C4<0>;
v0x55f474db5cb0_0 .net *"_s13", 0 0, L_0x7f5d5a2a6c30;  1 drivers
v0x55f474db5da0_0 .net *"_s16", 64 0, L_0x55f474dd8250;  1 drivers
v0x55f474db5e80_0 .net *"_s18", 4 0, L_0x55f474dd82f0;  1 drivers
L_0x7f5d5a2a6c78 .functor BUFT 1, C4<0>, C4<0>, C4<0>, C4<0>;
v0x55f474db5fb0_0 .net *"_s21", 0 0, L_0x7f5d5a2a6c78;  1 drivers
v0x55f474db6090_0 .net *"_s24", 64 0, L_0x55f474dd8570;  1 drivers
v0x55f474db6170_0 .net *"_s26", 4 0, L_0x55f474dd8610;  1 drivers
L_0x7f5d5a2a6cc0 .functor BUFT 1, C4<0>, C4<0>, C4<0>, C4<0>;
v0x55f474db6250_0 .net *"_s29", 0 0, L_0x7f5d5a2a6cc0;  1 drivers
L_0x7f5d5a2a6ba0 .functor BUFT 1, C4<0000000000000000000000000000>, C4<0>, C4<0>, C4<0>;
v0x55f474db6330_0 .net *"_s3", 27 0, L_0x7f5d5a2a6ba0;  1 drivers
v0x55f474db6410_0 .net *"_s36", 64 0, L_0x55f474dd8a10;  1 drivers
v0x55f474db64f0_0 .net *"_s38", 4 0, L_0x55f474dd8b20;  1 drivers
L_0x7f5d5a2a6be8 .functor BUFT 1, C4<00000000000000000000000000001001>, C4<0>, C4<0>, C4<0>;
v0x55f474db65d0_0 .net/2u *"_s4", 31 0, L_0x7f5d5a2a6be8;  1 drivers
L_0x7f5d5a2a6d08 .functor BUFT 1, C4<0>, C4<0>, C4<0>, C4<0>;
v0x55f474db66b0_0 .net *"_s41", 0 0, L_0x7f5d5a2a6d08;  1 drivers
v0x55f474db6790_0 .net *"_s46", 31 0, L_0x55f474dd8e70;  1 drivers
L_0x7f5d5a2a6d50 .functor BUFT 1, C4<00000000000000000000000000000>, C4<0>, C4<0>, C4<0>;
v0x55f474db6870_0 .net *"_s49", 28 0, L_0x7f5d5a2a6d50;  1 drivers
L_0x7f5d5a2a6d98 .functor BUFT 1, C4<00000000000000000000000000000100>, C4<0>, C4<0>, C4<0>;
v0x55f474db6950_0 .net/2u *"_s50", 31 0, L_0x7f5d5a2a6d98;  1 drivers
v0x55f474db6a30_0 .net *"_s8", 64 0, L_0x55f474dd7f30;  1 drivers
v0x55f474db6b10_0 .var "cs_", 2 0;
v0x55f474db6bf0_0 .var/i "error", 31 0;
v0x55f474db6cd0_0 .net "i_clk", 0 0, v0x55f474d8ba00_0;  alias, 1 drivers
v0x55f474db6d70_0 .net "i_data", 31 0, L_0x55f474dd7b70;  alias, 1 drivers
v0x55f474db6e30_0 .net "i_rst_n", 0 0, v0x55f474d8fff0_0;  alias, 1 drivers
v0x55f474dbc5b0_0 .array/port v0x55f474dbc5b0, 0;
v0x55f474db6f20_0 .net "i_start", 0 0, v0x55f474dbc5b0_0;  1 drivers
v0x55f474db6fc0_0 .net "i_valid", 0 0, L_0x7f5d5a2a6b58;  alias, 1 drivers
v0x55f474db7060_0 .var "idx_r", 3 0;
v0x55f474db7120_0 .var "idx_w", 3 0;
v0x55f474db7200_0 .net "input_A", 31 0, L_0x55f474dd8160;  1 drivers
v0x55f474db72e0_0 .net "input_B", 31 0, L_0x55f474dd8430;  1 drivers
v0x55f474db73c0 .array "input_array", 9 0, 64 0;
v0x55f474db75c0_0 .var "ns_", 2 0;
v0x55f474db76a0_0 .net "o_data_a", 31 0, L_0x55f474dd8890;  alias, 1 drivers
v0x55f474db7780_0 .var "o_data_a_r", 31 0;
v0x55f474db7a70_0 .var "o_data_a_w", 31 0;
v0x55f474db7b50_0 .net "o_data_b", 31 0, L_0x55f474dd8950;  alias, 1 drivers
v0x55f474db7c30_0 .var "o_data_b_r", 31 0;
v0x55f474db7d10_0 .var "o_data_b_w", 31 0;
v0x55f474db7df0_0 .net "o_done", 0 0, L_0x55f474dd8f60;  alias, 1 drivers
v0x55f474db7eb0_0 .net "o_inst", 0 0, L_0x55f474dd8c60;  alias, 1 drivers
v0x55f474db7f90_0 .net "o_valid", 0 0, L_0x55f474dd8ab0;  alias, 1 drivers
v0x55f474db8050_0 .var "o_valid_r", 0 0;
v0x55f474db8110_0 .var "o_valid_w", 0 0;
v0x55f474db81d0 .array "output_array", 9 0, 64 0;
v0x55f474db8290_0 .net "output_data", 31 0, L_0x55f474dd87f0;  1 drivers
v0x55f474db8370_0 .net "test_finish", 0 0, L_0x55f474dd7df0;  1 drivers
E_0x55f474cd3ce0 .event negedge, v0x55f474d8fff0_0, v0x55f474d8ba00_0;
E_0x55f474cd3f40 .event negedge, v0x55f474d8ba00_0;
v0x55f474db73c0_0 .array/port v0x55f474db73c0, 0;
v0x55f474db73c0_1 .array/port v0x55f474db73c0, 1;
E_0x55f474d90780/0 .event edge, v0x55f474db7060_0, v0x55f474db6b10_0, v0x55f474db73c0_0, v0x55f474db73c0_1;
v0x55f474db73c0_2 .array/port v0x55f474db73c0, 2;
v0x55f474db73c0_3 .array/port v0x55f474db73c0, 3;
v0x55f474db73c0_4 .array/port v0x55f474db73c0, 4;
v0x55f474db73c0_5 .array/port v0x55f474db73c0, 5;
E_0x55f474d90780/1 .event edge, v0x55f474db73c0_2, v0x55f474db73c0_3, v0x55f474db73c0_4, v0x55f474db73c0_5;
v0x55f474db73c0_6 .array/port v0x55f474db73c0, 6;
v0x55f474db73c0_7 .array/port v0x55f474db73c0, 7;
v0x55f474db73c0_8 .array/port v0x55f474db73c0, 8;
v0x55f474db73c0_9 .array/port v0x55f474db73c0, 9;
E_0x55f474d90780/2 .event edge, v0x55f474db73c0_6, v0x55f474db73c0_7, v0x55f474db73c0_8, v0x55f474db73c0_9;
E_0x55f474d90780/3 .event edge, v0x55f474db40b0_0, v0x55f474db8370_0;
E_0x55f474d90780 .event/or E_0x55f474d90780/0, E_0x55f474d90780/1, E_0x55f474d90780/2, E_0x55f474d90780/3;
E_0x55f474db5a50 .event edge, v0x55f474db6b10_0, v0x55f474db6f20_0, v0x55f474db40b0_0, v0x55f474db8370_0;
L_0x55f474dd7d00 .concat [ 4 28 0 0], v0x55f474db7060_0, L_0x7f5d5a2a6ba0;
L_0x55f474dd7df0 .cmp/eq 32, L_0x55f474dd7d00, L_0x7f5d5a2a6be8;
L_0x55f474dd7f30 .array/port v0x55f474db73c0, L_0x55f474dd7fd0;
L_0x55f474dd7fd0 .concat [ 4 1 0 0], v0x55f474db7060_0, L_0x7f5d5a2a6c30;
L_0x55f474dd8160 .part L_0x55f474dd7f30, 0, 32;
L_0x55f474dd8250 .array/port v0x55f474db73c0, L_0x55f474dd82f0;
L_0x55f474dd82f0 .concat [ 4 1 0 0], v0x55f474db7060_0, L_0x7f5d5a2a6c78;
L_0x55f474dd8430 .part L_0x55f474dd8250, 32, 32;
L_0x55f474dd8570 .array/port v0x55f474db81d0, L_0x55f474dd8610;
L_0x55f474dd8610 .concat [ 4 1 0 0], v0x55f474db7060_0, L_0x7f5d5a2a6cc0;
L_0x55f474dd87f0 .part L_0x55f474dd8570, 0, 32;
L_0x55f474dd8a10 .array/port v0x55f474db73c0, L_0x55f474dd8b20;
L_0x55f474dd8b20 .concat [ 4 1 0 0], v0x55f474db7060_0, L_0x7f5d5a2a6d08;
L_0x55f474dd8c60 .part L_0x55f474dd8a10, 64, 1;
L_0x55f474dd8e70 .concat [ 3 29 0 0], v0x55f474db6b10_0, L_0x7f5d5a2a6d50;
L_0x55f474dd8f60 .cmp/eq 32, L_0x55f474dd8e70, L_0x7f5d5a2a6d98;
S_0x55f474d87550 .scope generate, "test_unit[1]" "test_unit[1]" 2 111, 2 111 0, S_0x55f474d7a3f0;
 .timescale -9 -12;
P_0x55f474db8600 .param/l "i" 0 2 111, +C4<01>;
S_0x55f474d87780 .scope module, "inst" "test_interface" 2 116, 2 194 0, S_0x55f474d87550;
 .timescale -9 -12;
    .port_info 0 /INPUT 1 "i_clk"
    .port_info 1 /INPUT 1 "i_rst_n"
    .port_info 2 /INPUT 1 "i_start"
    .port_info 3 /INPUT 32 "i_data"
    .port_info 4 /INPUT 1 "i_valid"
    .port_info 5 /OUTPUT 32 "o_data_a"
    .port_info 6 /OUTPUT 32 "o_data_b"
    .port_info 7 /OUTPUT 1 "o_inst"
    .port_info 8 /OUTPUT 1 "o_valid"
    .port_info 9 /OUTPUT 1 "o_done"
P_0x55f474db8710 .param/l "DATA_WIDTH" 0 2 195, +C4<00000000000000000000000000100000>;
P_0x55f474db8750 .param/l "Done" 1 2 218, +C4<00000000000000000000000000000011>;
P_0x55f474db8790 .param/l "Finish" 1 2 219, +C4<00000000000000000000000000000100>;
P_0x55f474db87d0 .param/l "INST_WIDTH" 0 2 196, +C4<00000000000000000000000000000001>;
P_0x55f474db8810 .param/l "Idle_" 1 2 215, +C4<00000000000000000000000000000000>;
P_0x55f474db8850 .param/l "NUM_OF_TEST" 0 2 197, +C4<00000000000000000000000000001010>;
P_0x55f474db8890 .param/l "Read" 1 2 216, +C4<00000000000000000000000000000001>;
P_0x55f474db88d0 .param/l "Write" 1 2 217, +C4<00000000000000000000000000000010>;
L_0x55f474dd9d80 .functor BUFZ 32, v0x55f474dbac30_0, C4<00000000000000000000000000000000>, C4<00000000000000000000000000000000>, C4<00000000000000000000000000000000>;
L_0x55f474dd9e40 .functor BUFZ 32, v0x55f474dbb0e0_0, C4<00000000000000000000000000000000>, C4<00000000000000000000000000000000>, C4<00000000000000000000000000000000>;
L_0x55f474dd9fa0 .functor BUFZ 1, v0x55f474dbb500_0, C4<0>, C4<0>, C4<0>;
v0x55f474db8f40_0 .net *"_s0", 31 0, L_0x55f474dd9180;  1 drivers
v0x55f474db9040_0 .net *"_s10", 4 0, L_0x55f474dd9450;  1 drivers
L_0x7f5d5a2a6e70 .functor BUFT 1, C4<0>, C4<0>, C4<0>, C4<0>;
v0x55f474db9120_0 .net *"_s13", 0 0, L_0x7f5d5a2a6e70;  1 drivers
v0x55f474db9210_0 .net *"_s16", 64 0, L_0x55f474dd9700;  1 drivers
v0x55f474db92f0_0 .net *"_s18", 4 0, L_0x55f474dd97e0;  1 drivers
L_0x7f5d5a2a6eb8 .functor BUFT 1, C4<0>, C4<0>, C4<0>, C4<0>;
v0x55f474db9420_0 .net *"_s21", 0 0, L_0x7f5d5a2a6eb8;  1 drivers
v0x55f474db9500_0 .net *"_s24", 64 0, L_0x55f474dd9a60;  1 drivers
v0x55f474db95e0_0 .net *"_s26", 4 0, L_0x55f474dd9b00;  1 drivers
L_0x7f5d5a2a6f00 .functor BUFT 1, C4<0>, C4<0>, C4<0>, C4<0>;
v0x55f474db96c0_0 .net *"_s29", 0 0, L_0x7f5d5a2a6f00;  1 drivers
L_0x7f5d5a2a6de0 .functor BUFT 1, C4<0000000000000000000000000000>, C4<0>, C4<0>, C4<0>;
v0x55f474db97a0_0 .net *"_s3", 27 0, L_0x7f5d5a2a6de0;  1 drivers
v0x55f474db9880_0 .net *"_s36", 64 0, L_0x55f474dd9f00;  1 drivers
v0x55f474db9960_0 .net *"_s38", 4 0, L_0x55f474dda010;  1 drivers
L_0x7f5d5a2a6e28 .functor BUFT 1, C4<00000000000000000000000000001001>, C4<0>, C4<0>, C4<0>;
v0x55f474db9a40_0 .net/2u *"_s4", 31 0, L_0x7f5d5a2a6e28;  1 drivers
L_0x7f5d5a2a6f48 .functor BUFT 1, C4<0>, C4<0>, C4<0>, C4<0>;
v0x55f474db9b20_0 .net *"_s41", 0 0, L_0x7f5d5a2a6f48;  1 drivers
v0x55f474db9c00_0 .net *"_s46", 31 0, L_0x55f474dda360;  1 drivers
L_0x7f5d5a2a6f90 .functor BUFT 1, C4<00000000000000000000000000000>, C4<0>, C4<0>, C4<0>;
v0x55f474db9ce0_0 .net *"_s49", 28 0, L_0x7f5d5a2a6f90;  1 drivers
L_0x7f5d5a2a6fd8 .functor BUFT 1, C4<00000000000000000000000000000100>, C4<0>, C4<0>, C4<0>;
v0x55f474db9dc0_0 .net/2u *"_s50", 31 0, L_0x7f5d5a2a6fd8;  1 drivers
v0x55f474db9ea0_0 .net *"_s8", 64 0, L_0x55f474dd93b0;  1 drivers
v0x55f474db9f80_0 .var "cs_", 2 0;
v0x55f474dba060_0 .var/i "error", 31 0;
v0x55f474dba140_0 .net "i_clk", 0 0, v0x55f474d8ba00_0;  alias, 1 drivers
v0x55f474dba1e0_0 .net "i_data", 31 0, L_0x55f474dd7b70;  alias, 1 drivers
v0x55f474dba2a0_0 .net "i_rst_n", 0 0, v0x55f474d8fff0_0;  alias, 1 drivers
v0x55f474dbc5b0_1 .array/port v0x55f474dbc5b0, 1;
v0x55f474dba340_0 .net "i_start", 0 0, v0x55f474dbc5b0_1;  1 drivers
v0x55f474dba400_0 .net "i_valid", 0 0, L_0x7f5d5a2a6b58;  alias, 1 drivers
v0x55f474dba4f0_0 .var "idx_r", 3 0;
v0x55f474dba5d0_0 .var "idx_w", 3 0;
v0x55f474dba6b0_0 .net "input_A", 31 0, L_0x55f474dd9610;  1 drivers
v0x55f474dba790_0 .net "input_B", 31 0, L_0x55f474dd9920;  1 drivers
v0x55f474dba870 .array "input_array", 9 0, 64 0;
v0x55f474dbaa70_0 .var "ns_", 2 0;
v0x55f474dbab50_0 .net "o_data_a", 31 0, L_0x55f474dd9d80;  alias, 1 drivers
v0x55f474dbac30_0 .var "o_data_a_r", 31 0;
v0x55f474dbaf20_0 .var "o_data_a_w", 31 0;
v0x55f474dbb000_0 .net "o_data_b", 31 0, L_0x55f474dd9e40;  alias, 1 drivers
v0x55f474dbb0e0_0 .var "o_data_b_r", 31 0;
v0x55f474dbb1c0_0 .var "o_data_b_w", 31 0;
v0x55f474dbb2a0_0 .net "o_done", 0 0, L_0x55f474dda450;  alias, 1 drivers
v0x55f474dbb360_0 .net "o_inst", 0 0, L_0x55f474dda150;  alias, 1 drivers
v0x55f474dbb440_0 .net "o_valid", 0 0, L_0x55f474dd9fa0;  alias, 1 drivers
v0x55f474dbb500_0 .var "o_valid_r", 0 0;
v0x55f474dbb5c0_0 .var "o_valid_w", 0 0;
v0x55f474dbb680 .array "output_array", 9 0, 64 0;
v0x55f474dbb740_0 .net "output_data", 31 0, L_0x55f474dd9ce0;  1 drivers
v0x55f474dbb820_0 .net "test_finish", 0 0, L_0x55f474dd9270;  1 drivers
v0x55f474dba870_0 .array/port v0x55f474dba870, 0;
v0x55f474dba870_1 .array/port v0x55f474dba870, 1;
E_0x55f474db8df0/0 .event edge, v0x55f474dba4f0_0, v0x55f474db9f80_0, v0x55f474dba870_0, v0x55f474dba870_1;
v0x55f474dba870_2 .array/port v0x55f474dba870, 2;
v0x55f474dba870_3 .array/port v0x55f474dba870, 3;
v0x55f474dba870_4 .array/port v0x55f474dba870, 4;
v0x55f474dba870_5 .array/port v0x55f474dba870, 5;
E_0x55f474db8df0/1 .event edge, v0x55f474dba870_2, v0x55f474dba870_3, v0x55f474dba870_4, v0x55f474dba870_5;
v0x55f474dba870_6 .array/port v0x55f474dba870, 6;
v0x55f474dba870_7 .array/port v0x55f474dba870, 7;
v0x55f474dba870_8 .array/port v0x55f474dba870, 8;
v0x55f474dba870_9 .array/port v0x55f474dba870, 9;
E_0x55f474db8df0/2 .event edge, v0x55f474dba870_6, v0x55f474dba870_7, v0x55f474dba870_8, v0x55f474dba870_9;
E_0x55f474db8df0/3 .event edge, v0x55f474db40b0_0, v0x55f474dbb820_0;
E_0x55f474db8df0 .event/or E_0x55f474db8df0/0, E_0x55f474db8df0/1, E_0x55f474db8df0/2, E_0x55f474db8df0/3;
E_0x55f474db8ed0 .event edge, v0x55f474db9f80_0, v0x55f474dba340_0, v0x55f474db40b0_0, v0x55f474dbb820_0;
L_0x55f474dd9180 .concat [ 4 28 0 0], v0x55f474dba4f0_0, L_0x7f5d5a2a6de0;
L_0x55f474dd9270 .cmp/eq 32, L_0x55f474dd9180, L_0x7f5d5a2a6e28;
L_0x55f474dd93b0 .array/port v0x55f474dba870, L_0x55f474dd9450;
L_0x55f474dd9450 .concat [ 4 1 0 0], v0x55f474dba4f0_0, L_0x7f5d5a2a6e70;
L_0x55f474dd9610 .part L_0x55f474dd93b0, 0, 32;
L_0x55f474dd9700 .array/port v0x55f474dba870, L_0x55f474dd97e0;
L_0x55f474dd97e0 .concat [ 4 1 0 0], v0x55f474dba4f0_0, L_0x7f5d5a2a6eb8;
L_0x55f474dd9920 .part L_0x55f474dd9700, 32, 32;
L_0x55f474dd9a60 .array/port v0x55f474dbb680, L_0x55f474dd9b00;
L_0x55f474dd9b00 .concat [ 4 1 0 0], v0x55f474dba4f0_0, L_0x7f5d5a2a6f00;
L_0x55f474dd9ce0 .part L_0x55f474dd9a60, 0, 32;
L_0x55f474dd9f00 .array/port v0x55f474dba870, L_0x55f474dda010;
L_0x55f474dda010 .concat [ 4 1 0 0], v0x55f474dba4f0_0, L_0x7f5d5a2a6f48;
L_0x55f474dda150 .part L_0x55f474dd9f00, 64, 1;
L_0x55f474dda360 .concat [ 3 29 0 0], v0x55f474db9f80_0, L_0x7f5d5a2a6f90;
L_0x55f474dda450 .cmp/eq 32, L_0x55f474dda360, L_0x7f5d5a2a6fd8;
    .scope S_0x55f474d7a1c0;
T_0 ;
    %wait E_0x55f474d21fa0;
    %load/vec4 v0x55f474db48f0_0;
    %parti/s 1, 48, 7;
    %flag_set/vec4 8;
    %jmp/0xz  T_0.0, 8;
    %load/vec4 v0x55f474db25f0_0;
    %subi 255, 0, 8;
    %store/vec4 v0x55f474db3ef0_0, 0, 8;
    %load/vec4 v0x55f474db48f0_0;
    %store/vec4 v0x55f474db44d0_0, 0, 49;
    %jmp T_0.1;
T_0.0 ;
    %load/vec4 v0x55f474db48f0_0;
    %parti/s 1, 47, 7;
    %flag_set/vec4 8;
    %jmp/0xz  T_0.2, 8;
    %load/vec4 v0x55f474db25f0_0;
    %subi 0, 0, 8;
    %store/vec4 v0x55f474db3ef0_0, 0, 8;
    %load/vec4 v0x55f474db48f0_0;
    %ix/load 4, 1, 0;
    %flag_set/imm 4, 0;
    %shiftl 4;
    %store/vec4 v0x55f474db44d0_0, 0, 49;
    %jmp T_0.3;
T_0.2 ;
    %load/vec4 v0x55f474db48f0_0;
    %parti/s 1, 46, 7;
    %flag_set/vec4 8;
    %jmp/0xz  T_0.4, 8;
    %load/vec4 v0x55f474db25f0_0;
    %subi 1, 0, 8;
    %store/vec4 v0x55f474db3ef0_0, 0, 8;
    %load/vec4 v0x55f474db48f0_0;
    %ix/load 4, 2, 0;
    %flag_set/imm 4, 0;
    %shiftl 4;
    %store/vec4 v0x55f474db44d0_0, 0, 49;
    %jmp T_0.5;
T_0.4 ;
    %load/vec4 v0x55f474db48f0_0;
    %parti/s 1, 45, 7;
    %flag_set/vec4 8;
    %jmp/0xz  T_0.6, 8;
    %load/vec4 v0x55f474db25f0_0;
    %subi 2, 0, 8;
    %store/vec4 v0x55f474db3ef0_0, 0, 8;
    %load/vec4 v0x55f474db48f0_0;
    %ix/load 4, 3, 0;
    %flag_set/imm 4, 0;
    %shiftl 4;
    %store/vec4 v0x55f474db44d0_0, 0, 49;
    %jmp T_0.7;
T_0.6 ;
    %load/vec4 v0x55f474db48f0_0;
    %parti/s 1, 44, 7;
    %flag_set/vec4 8;
    %jmp/0xz  T_0.8, 8;
    %load/vec4 v0x55f474db25f0_0;
    %subi 3, 0, 8;
    %store/vec4 v0x55f474db3ef0_0, 0, 8;
    %load/vec4 v0x55f474db48f0_0;
    %ix/load 4, 4, 0;
    %flag_set/imm 4, 0;
    %shiftl 4;
    %store/vec4 v0x55f474db44d0_0, 0, 49;
    %jmp T_0.9;
T_0.8 ;
    %load/vec4 v0x55f474db48f0_0;
    %parti/s 1, 43, 7;
    %flag_set/vec4 8;
    %jmp/0xz  T_0.10, 8;
    %load/vec4 v0x55f474db25f0_0;
    %subi 4, 0, 8;
    %store/vec4 v0x55f474db3ef0_0, 0, 8;
    %load/vec4 v0x55f474db48f0_0;
    %ix/load 4, 5, 0;
    %flag_set/imm 4, 0;
    %shiftl 4;
    %store/vec4 v0x55f474db44d0_0, 0, 49;
    %jmp T_0.11;
T_0.10 ;
    %load/vec4 v0x55f474db48f0_0;
    %parti/s 1, 42, 7;
    %flag_set/vec4 8;
    %jmp/0xz  T_0.12, 8;
    %load/vec4 v0x55f474db25f0_0;
    %subi 5, 0, 8;
    %store/vec4 v0x55f474db3ef0_0, 0, 8;
    %load/vec4 v0x55f474db48f0_0;
    %ix/load 4, 6, 0;
    %flag_set/imm 4, 0;
    %shiftl 4;
    %store/vec4 v0x55f474db44d0_0, 0, 49;
    %jmp T_0.13;
T_0.12 ;
    %load/vec4 v0x55f474db48f0_0;
    %parti/s 1, 41, 7;
    %flag_set/vec4 8;
    %jmp/0xz  T_0.14, 8;
    %load/vec4 v0x55f474db25f0_0;
    %subi 6, 0, 8;
    %store/vec4 v0x55f474db3ef0_0, 0, 8;
    %load/vec4 v0x55f474db48f0_0;
    %ix/load 4, 7, 0;
    %flag_set/imm 4, 0;
    %shiftl 4;
    %store/vec4 v0x55f474db44d0_0, 0, 49;
    %jmp T_0.15;
T_0.14 ;
    %load/vec4 v0x55f474db48f0_0;
    %parti/s 1, 40, 7;
    %flag_set/vec4 8;
    %jmp/0xz  T_0.16, 8;
    %load/vec4 v0x55f474db25f0_0;
    %subi 7, 0, 8;
    %store/vec4 v0x55f474db3ef0_0, 0, 8;
    %load/vec4 v0x55f474db48f0_0;
    %ix/load 4, 8, 0;
    %flag_set/imm 4, 0;
    %shiftl 4;
    %store/vec4 v0x55f474db44d0_0, 0, 49;
    %jmp T_0.17;
T_0.16 ;
    %load/vec4 v0x55f474db48f0_0;
    %parti/s 1, 39, 7;
    %flag_set/vec4 8;
    %jmp/0xz  T_0.18, 8;
    %load/vec4 v0x55f474db25f0_0;
    %subi 8, 0, 8;
    %store/vec4 v0x55f474db3ef0_0, 0, 8;
    %load/vec4 v0x55f474db48f0_0;
    %ix/load 4, 9, 0;
    %flag_set/imm 4, 0;
    %shiftl 4;
    %store/vec4 v0x55f474db44d0_0, 0, 49;
    %jmp T_0.19;
T_0.18 ;
    %load/vec4 v0x55f474db48f0_0;
    %parti/s 1, 38, 7;
    %flag_set/vec4 8;
    %jmp/0xz  T_0.20, 8;
    %load/vec4 v0x55f474db25f0_0;
    %subi 9, 0, 8;
    %store/vec4 v0x55f474db3ef0_0, 0, 8;
    %load/vec4 v0x55f474db48f0_0;
    %ix/load 4, 10, 0;
    %flag_set/imm 4, 0;
    %shiftl 4;
    %store/vec4 v0x55f474db44d0_0, 0, 49;
    %jmp T_0.21;
T_0.20 ;
    %load/vec4 v0x55f474db48f0_0;
    %parti/s 1, 37, 7;
    %flag_set/vec4 8;
    %jmp/0xz  T_0.22, 8;
    %load/vec4 v0x55f474db25f0_0;
    %subi 10, 0, 8;
    %store/vec4 v0x55f474db3ef0_0, 0, 8;
    %load/vec4 v0x55f474db48f0_0;
    %ix/load 4, 11, 0;
    %flag_set/imm 4, 0;
    %shiftl 4;
    %store/vec4 v0x55f474db44d0_0, 0, 49;
    %jmp T_0.23;
T_0.22 ;
    %load/vec4 v0x55f474db48f0_0;
    %parti/s 1, 36, 7;
    %flag_set/vec4 8;
    %jmp/0xz  T_0.24, 8;
    %load/vec4 v0x55f474db25f0_0;
    %subi 11, 0, 8;
    %store/vec4 v0x55f474db3ef0_0, 0, 8;
    %load/vec4 v0x55f474db48f0_0;
    %ix/load 4, 12, 0;
    %flag_set/imm 4, 0;
    %shiftl 4;
    %store/vec4 v0x55f474db44d0_0, 0, 49;
    %jmp T_0.25;
T_0.24 ;
    %load/vec4 v0x55f474db48f0_0;
    %parti/s 1, 35, 7;
    %flag_set/vec4 8;
    %jmp/0xz  T_0.26, 8;
    %load/vec4 v0x55f474db25f0_0;
    %subi 12, 0, 8;
    %store/vec4 v0x55f474db3ef0_0, 0, 8;
    %load/vec4 v0x55f474db48f0_0;
    %ix/load 4, 13, 0;
    %flag_set/imm 4, 0;
    %shiftl 4;
    %store/vec4 v0x55f474db44d0_0, 0, 49;
    %jmp T_0.27;
T_0.26 ;
    %load/vec4 v0x55f474db48f0_0;
    %parti/s 1, 34, 7;
    %flag_set/vec4 8;
    %jmp/0xz  T_0.28, 8;
    %load/vec4 v0x55f474db25f0_0;
    %subi 13, 0, 8;
    %store/vec4 v0x55f474db3ef0_0, 0, 8;
    %load/vec4 v0x55f474db48f0_0;
    %ix/load 4, 14, 0;
    %flag_set/imm 4, 0;
    %shiftl 4;
    %store/vec4 v0x55f474db44d0_0, 0, 49;
    %jmp T_0.29;
T_0.28 ;
    %load/vec4 v0x55f474db48f0_0;
    %parti/s 1, 33, 7;
    %flag_set/vec4 8;
    %jmp/0xz  T_0.30, 8;
    %load/vec4 v0x55f474db25f0_0;
    %subi 14, 0, 8;
    %store/vec4 v0x55f474db3ef0_0, 0, 8;
    %load/vec4 v0x55f474db48f0_0;
    %ix/load 4, 15, 0;
    %flag_set/imm 4, 0;
    %shiftl 4;
    %store/vec4 v0x55f474db44d0_0, 0, 49;
    %jmp T_0.31;
T_0.30 ;
    %load/vec4 v0x55f474db48f0_0;
    %parti/s 1, 32, 7;
    %flag_set/vec4 8;
    %jmp/0xz  T_0.32, 8;
    %load/vec4 v0x55f474db25f0_0;
    %subi 15, 0, 8;
    %store/vec4 v0x55f474db3ef0_0, 0, 8;
    %load/vec4 v0x55f474db48f0_0;
    %ix/load 4, 16, 0;
    %flag_set/imm 4, 0;
    %shiftl 4;
    %store/vec4 v0x55f474db44d0_0, 0, 49;
    %jmp T_0.33;
T_0.32 ;
    %load/vec4 v0x55f474db48f0_0;
    %parti/s 1, 31, 6;
    %flag_set/vec4 8;
    %jmp/0xz  T_0.34, 8;
    %load/vec4 v0x55f474db25f0_0;
    %subi 16, 0, 8;
    %store/vec4 v0x55f474db3ef0_0, 0, 8;
    %load/vec4 v0x55f474db48f0_0;
    %ix/load 4, 17, 0;
    %flag_set/imm 4, 0;
    %shiftl 4;
    %store/vec4 v0x55f474db44d0_0, 0, 49;
    %jmp T_0.35;
T_0.34 ;
    %load/vec4 v0x55f474db48f0_0;
    %parti/s 1, 30, 6;
    %flag_set/vec4 8;
    %jmp/0xz  T_0.36, 8;
    %load/vec4 v0x55f474db25f0_0;
    %subi 17, 0, 8;
    %store/vec4 v0x55f474db3ef0_0, 0, 8;
    %load/vec4 v0x55f474db48f0_0;
    %ix/load 4, 18, 0;
    %flag_set/imm 4, 0;
    %shiftl 4;
    %store/vec4 v0x55f474db44d0_0, 0, 49;
    %jmp T_0.37;
T_0.36 ;
    %load/vec4 v0x55f474db48f0_0;
    %parti/s 1, 29, 6;
    %flag_set/vec4 8;
    %jmp/0xz  T_0.38, 8;
    %load/vec4 v0x55f474db25f0_0;
    %subi 18, 0, 8;
    %store/vec4 v0x55f474db3ef0_0, 0, 8;
    %load/vec4 v0x55f474db48f0_0;
    %ix/load 4, 19, 0;
    %flag_set/imm 4, 0;
    %shiftl 4;
    %store/vec4 v0x55f474db44d0_0, 0, 49;
    %jmp T_0.39;
T_0.38 ;
    %load/vec4 v0x55f474db48f0_0;
    %parti/s 1, 28, 6;
    %flag_set/vec4 8;
    %jmp/0xz  T_0.40, 8;
    %load/vec4 v0x55f474db25f0_0;
    %subi 19, 0, 8;
    %store/vec4 v0x55f474db3ef0_0, 0, 8;
    %load/vec4 v0x55f474db48f0_0;
    %ix/load 4, 20, 0;
    %flag_set/imm 4, 0;
    %shiftl 4;
    %store/vec4 v0x55f474db44d0_0, 0, 49;
    %jmp T_0.41;
T_0.40 ;
    %load/vec4 v0x55f474db48f0_0;
    %parti/s 1, 27, 6;
    %flag_set/vec4 8;
    %jmp/0xz  T_0.42, 8;
    %load/vec4 v0x55f474db25f0_0;
    %subi 20, 0, 8;
    %store/vec4 v0x55f474db3ef0_0, 0, 8;
    %load/vec4 v0x55f474db48f0_0;
    %ix/load 4, 21, 0;
    %flag_set/imm 4, 0;
    %shiftl 4;
    %store/vec4 v0x55f474db44d0_0, 0, 49;
    %jmp T_0.43;
T_0.42 ;
    %load/vec4 v0x55f474db48f0_0;
    %parti/s 1, 26, 6;
    %flag_set/vec4 8;
    %jmp/0xz  T_0.44, 8;
    %load/vec4 v0x55f474db25f0_0;
    %subi 21, 0, 8;
    %store/vec4 v0x55f474db3ef0_0, 0, 8;
    %load/vec4 v0x55f474db48f0_0;
    %ix/load 4, 22, 0;
    %flag_set/imm 4, 0;
    %shiftl 4;
    %store/vec4 v0x55f474db44d0_0, 0, 49;
    %jmp T_0.45;
T_0.44 ;
    %load/vec4 v0x55f474db48f0_0;
    %parti/s 1, 25, 6;
    %flag_set/vec4 8;
    %jmp/0xz  T_0.46, 8;
    %load/vec4 v0x55f474db25f0_0;
    %subi 22, 0, 8;
    %store/vec4 v0x55f474db3ef0_0, 0, 8;
    %load/vec4 v0x55f474db48f0_0;
    %ix/load 4, 23, 0;
    %flag_set/imm 4, 0;
    %shiftl 4;
    %store/vec4 v0x55f474db44d0_0, 0, 49;
    %jmp T_0.47;
T_0.46 ;
    %load/vec4 v0x55f474db48f0_0;
    %parti/s 1, 24, 6;
    %flag_set/vec4 8;
    %jmp/0xz  T_0.48, 8;
    %load/vec4 v0x55f474db25f0_0;
    %subi 23, 0, 8;
    %store/vec4 v0x55f474db3ef0_0, 0, 8;
    %load/vec4 v0x55f474db48f0_0;
    %ix/load 4, 24, 0;
    %flag_set/imm 4, 0;
    %shiftl 4;
    %store/vec4 v0x55f474db44d0_0, 0, 49;
    %jmp T_0.49;
T_0.48 ;
    %load/vec4 v0x55f474db48f0_0;
    %parti/s 1, 23, 6;
    %flag_set/vec4 8;
    %jmp/0xz  T_0.50, 8;
    %load/vec4 v0x55f474db25f0_0;
    %subi 24, 0, 8;
    %store/vec4 v0x55f474db3ef0_0, 0, 8;
    %load/vec4 v0x55f474db48f0_0;
    %ix/load 4, 25, 0;
    %flag_set/imm 4, 0;
    %shiftl 4;
    %store/vec4 v0x55f474db44d0_0, 0, 49;
    %jmp T_0.51;
T_0.50 ;
    %load/vec4 v0x55f474db48f0_0;
    %parti/s 1, 22, 6;
    %flag_set/vec4 8;
    %jmp/0xz  T_0.52, 8;
    %load/vec4 v0x55f474db25f0_0;
    %subi 25, 0, 8;
    %store/vec4 v0x55f474db3ef0_0, 0, 8;
    %load/vec4 v0x55f474db48f0_0;
    %ix/load 4, 26, 0;
    %flag_set/imm 4, 0;
    %shiftl 4;
    %store/vec4 v0x55f474db44d0_0, 0, 49;
    %jmp T_0.53;
T_0.52 ;
    %load/vec4 v0x55f474db48f0_0;
    %parti/s 1, 21, 6;
    %flag_set/vec4 8;
    %jmp/0xz  T_0.54, 8;
    %load/vec4 v0x55f474db25f0_0;
    %subi 26, 0, 8;
    %store/vec4 v0x55f474db3ef0_0, 0, 8;
    %load/vec4 v0x55f474db48f0_0;
    %ix/load 4, 27, 0;
    %flag_set/imm 4, 0;
    %shiftl 4;
    %store/vec4 v0x55f474db44d0_0, 0, 49;
    %jmp T_0.55;
T_0.54 ;
    %load/vec4 v0x55f474db48f0_0;
    %parti/s 1, 20, 6;
    %flag_set/vec4 8;
    %jmp/0xz  T_0.56, 8;
    %load/vec4 v0x55f474db25f0_0;
    %subi 27, 0, 8;
    %store/vec4 v0x55f474db3ef0_0, 0, 8;
    %load/vec4 v0x55f474db48f0_0;
    %ix/load 4, 28, 0;
    %flag_set/imm 4, 0;
    %shiftl 4;
    %store/vec4 v0x55f474db44d0_0, 0, 49;
    %jmp T_0.57;
T_0.56 ;
    %load/vec4 v0x55f474db48f0_0;
    %parti/s 1, 19, 6;
    %flag_set/vec4 8;
    %jmp/0xz  T_0.58, 8;
    %load/vec4 v0x55f474db25f0_0;
    %subi 28, 0, 8;
    %store/vec4 v0x55f474db3ef0_0, 0, 8;
    %load/vec4 v0x55f474db48f0_0;
    %ix/load 4, 29, 0;
    %flag_set/imm 4, 0;
    %shiftl 4;
    %store/vec4 v0x55f474db44d0_0, 0, 49;
    %jmp T_0.59;
T_0.58 ;
    %load/vec4 v0x55f474db48f0_0;
    %parti/s 1, 18, 6;
    %flag_set/vec4 8;
    %jmp/0xz  T_0.60, 8;
    %load/vec4 v0x55f474db25f0_0;
    %subi 29, 0, 8;
    %store/vec4 v0x55f474db3ef0_0, 0, 8;
    %load/vec4 v0x55f474db48f0_0;
    %ix/load 4, 30, 0;
    %flag_set/imm 4, 0;
    %shiftl 4;
    %store/vec4 v0x55f474db44d0_0, 0, 49;
    %jmp T_0.61;
T_0.60 ;
    %load/vec4 v0x55f474db48f0_0;
    %parti/s 1, 17, 6;
    %flag_set/vec4 8;
    %jmp/0xz  T_0.62, 8;
    %load/vec4 v0x55f474db25f0_0;
    %subi 30, 0, 8;
    %store/vec4 v0x55f474db3ef0_0, 0, 8;
    %load/vec4 v0x55f474db48f0_0;
    %ix/load 4, 31, 0;
    %flag_set/imm 4, 0;
    %shiftl 4;
    %store/vec4 v0x55f474db44d0_0, 0, 49;
    %jmp T_0.63;
T_0.62 ;
    %load/vec4 v0x55f474db48f0_0;
    %parti/s 1, 16, 6;
    %flag_set/vec4 8;
    %jmp/0xz  T_0.64, 8;
    %load/vec4 v0x55f474db25f0_0;
    %subi 31, 0, 8;
    %store/vec4 v0x55f474db3ef0_0, 0, 8;
    %load/vec4 v0x55f474db48f0_0;
    %ix/load 4, 32, 0;
    %flag_set/imm 4, 0;
    %shiftl 4;
    %store/vec4 v0x55f474db44d0_0, 0, 49;
    %jmp T_0.65;
T_0.64 ;
    %load/vec4 v0x55f474db48f0_0;
    %parti/s 1, 15, 5;
    %flag_set/vec4 8;
    %jmp/0xz  T_0.66, 8;
    %load/vec4 v0x55f474db25f0_0;
    %subi 32, 0, 8;
    %store/vec4 v0x55f474db3ef0_0, 0, 8;
    %load/vec4 v0x55f474db48f0_0;
    %ix/load 4, 33, 0;
    %flag_set/imm 4, 0;
    %shiftl 4;
    %store/vec4 v0x55f474db44d0_0, 0, 49;
    %jmp T_0.67;
T_0.66 ;
    %load/vec4 v0x55f474db48f0_0;
    %parti/s 1, 14, 5;
    %flag_set/vec4 8;
    %jmp/0xz  T_0.68, 8;
    %load/vec4 v0x55f474db25f0_0;
    %subi 33, 0, 8;
    %store/vec4 v0x55f474db3ef0_0, 0, 8;
    %load/vec4 v0x55f474db48f0_0;
    %ix/load 4, 34, 0;
    %flag_set/imm 4, 0;
    %shiftl 4;
    %store/vec4 v0x55f474db44d0_0, 0, 49;
    %jmp T_0.69;
T_0.68 ;
    %load/vec4 v0x55f474db48f0_0;
    %parti/s 1, 13, 5;
    %flag_set/vec4 8;
    %jmp/0xz  T_0.70, 8;
    %load/vec4 v0x55f474db25f0_0;
    %subi 34, 0, 8;
    %store/vec4 v0x55f474db3ef0_0, 0, 8;
    %load/vec4 v0x55f474db48f0_0;
    %ix/load 4, 35, 0;
    %flag_set/imm 4, 0;
    %shiftl 4;
    %store/vec4 v0x55f474db44d0_0, 0, 49;
    %jmp T_0.71;
T_0.70 ;
    %load/vec4 v0x55f474db48f0_0;
    %parti/s 1, 12, 5;
    %flag_set/vec4 8;
    %jmp/0xz  T_0.72, 8;
    %load/vec4 v0x55f474db25f0_0;
    %subi 35, 0, 8;
    %store/vec4 v0x55f474db3ef0_0, 0, 8;
    %load/vec4 v0x55f474db48f0_0;
    %ix/load 4, 36, 0;
    %flag_set/imm 4, 0;
    %shiftl 4;
    %store/vec4 v0x55f474db44d0_0, 0, 49;
    %jmp T_0.73;
T_0.72 ;
    %load/vec4 v0x55f474db48f0_0;
    %parti/s 1, 11, 5;
    %flag_set/vec4 8;
    %jmp/0xz  T_0.74, 8;
    %load/vec4 v0x55f474db25f0_0;
    %subi 36, 0, 8;
    %store/vec4 v0x55f474db3ef0_0, 0, 8;
    %load/vec4 v0x55f474db48f0_0;
    %ix/load 4, 37, 0;
    %flag_set/imm 4, 0;
    %shiftl 4;
    %store/vec4 v0x55f474db44d0_0, 0, 49;
    %jmp T_0.75;
T_0.74 ;
    %load/vec4 v0x55f474db48f0_0;
    %parti/s 1, 10, 5;
    %flag_set/vec4 8;
    %jmp/0xz  T_0.76, 8;
    %load/vec4 v0x55f474db25f0_0;
    %subi 37, 0, 8;
    %store/vec4 v0x55f474db3ef0_0, 0, 8;
    %load/vec4 v0x55f474db48f0_0;
    %ix/load 4, 38, 0;
    %flag_set/imm 4, 0;
    %shiftl 4;
    %store/vec4 v0x55f474db44d0_0, 0, 49;
    %jmp T_0.77;
T_0.76 ;
    %load/vec4 v0x55f474db48f0_0;
    %parti/s 1, 9, 5;
    %flag_set/vec4 8;
    %jmp/0xz  T_0.78, 8;
    %load/vec4 v0x55f474db25f0_0;
    %subi 38, 0, 8;
    %store/vec4 v0x55f474db3ef0_0, 0, 8;
    %load/vec4 v0x55f474db48f0_0;
    %ix/load 4, 39, 0;
    %flag_set/imm 4, 0;
    %shiftl 4;
    %store/vec4 v0x55f474db44d0_0, 0, 49;
    %jmp T_0.79;
T_0.78 ;
    %load/vec4 v0x55f474db48f0_0;
    %parti/s 1, 8, 5;
    %flag_set/vec4 8;
    %jmp/0xz  T_0.80, 8;
    %load/vec4 v0x55f474db25f0_0;
    %subi 39, 0, 8;
    %store/vec4 v0x55f474db3ef0_0, 0, 8;
    %load/vec4 v0x55f474db48f0_0;
    %ix/load 4, 40, 0;
    %flag_set/imm 4, 0;
    %shiftl 4;
    %store/vec4 v0x55f474db44d0_0, 0, 49;
    %jmp T_0.81;
T_0.80 ;
    %load/vec4 v0x55f474db48f0_0;
    %parti/s 1, 7, 4;
    %flag_set/vec4 8;
    %jmp/0xz  T_0.82, 8;
    %load/vec4 v0x55f474db25f0_0;
    %subi 40, 0, 8;
    %store/vec4 v0x55f474db3ef0_0, 0, 8;
    %load/vec4 v0x55f474db48f0_0;
    %ix/load 4, 41, 0;
    %flag_set/imm 4, 0;
    %shiftl 4;
    %store/vec4 v0x55f474db44d0_0, 0, 49;
    %jmp T_0.83;
T_0.82 ;
    %load/vec4 v0x55f474db48f0_0;
    %parti/s 1, 6, 4;
    %flag_set/vec4 8;
    %jmp/0xz  T_0.84, 8;
    %load/vec4 v0x55f474db25f0_0;
    %subi 41, 0, 8;
    %store/vec4 v0x55f474db3ef0_0, 0, 8;
    %load/vec4 v0x55f474db48f0_0;
    %ix/load 4, 42, 0;
    %flag_set/imm 4, 0;
    %shiftl 4;
    %store/vec4 v0x55f474db44d0_0, 0, 49;
    %jmp T_0.85;
T_0.84 ;
    %load/vec4 v0x55f474db48f0_0;
    %parti/s 1, 5, 4;
    %flag_set/vec4 8;
    %jmp/0xz  T_0.86, 8;
    %load/vec4 v0x55f474db25f0_0;
    %subi 42, 0, 8;
    %store/vec4 v0x55f474db3ef0_0, 0, 8;
    %load/vec4 v0x55f474db48f0_0;
    %ix/load 4, 43, 0;
    %flag_set/imm 4, 0;
    %shiftl 4;
    %store/vec4 v0x55f474db44d0_0, 0, 49;
    %jmp T_0.87;
T_0.86 ;
    %load/vec4 v0x55f474db48f0_0;
    %parti/s 1, 4, 4;
    %flag_set/vec4 8;
    %jmp/0xz  T_0.88, 8;
    %load/vec4 v0x55f474db25f0_0;
    %subi 43, 0, 8;
    %store/vec4 v0x55f474db3ef0_0, 0, 8;
    %load/vec4 v0x55f474db48f0_0;
    %ix/load 4, 44, 0;
    %flag_set/imm 4, 0;
    %shiftl 4;
    %store/vec4 v0x55f474db44d0_0, 0, 49;
    %jmp T_0.89;
T_0.88 ;
    %load/vec4 v0x55f474db48f0_0;
    %parti/s 1, 3, 3;
    %flag_set/vec4 8;
    %jmp/0xz  T_0.90, 8;
    %load/vec4 v0x55f474db25f0_0;
    %subi 44, 0, 8;
    %store/vec4 v0x55f474db3ef0_0, 0, 8;
    %load/vec4 v0x55f474db48f0_0;
    %ix/load 4, 45, 0;
    %flag_set/imm 4, 0;
    %shiftl 4;
    %store/vec4 v0x55f474db44d0_0, 0, 49;
    %jmp T_0.91;
T_0.90 ;
    %load/vec4 v0x55f474db48f0_0;
    %parti/s 1, 2, 3;
    %flag_set/vec4 8;
    %jmp/0xz  T_0.92, 8;
    %load/vec4 v0x55f474db25f0_0;
    %subi 45, 0, 8;
    %store/vec4 v0x55f474db3ef0_0, 0, 8;
    %load/vec4 v0x55f474db48f0_0;
    %ix/load 4, 46, 0;
    %flag_set/imm 4, 0;
    %shiftl 4;
    %store/vec4 v0x55f474db44d0_0, 0, 49;
    %jmp T_0.93;
T_0.92 ;
    %load/vec4 v0x55f474db48f0_0;
    %parti/s 1, 1, 2;
    %flag_set/vec4 8;
    %jmp/0xz  T_0.94, 8;
    %load/vec4 v0x55f474db25f0_0;
    %subi 46, 0, 8;
    %store/vec4 v0x55f474db3ef0_0, 0, 8;
    %load/vec4 v0x55f474db48f0_0;
    %ix/load 4, 47, 0;
    %flag_set/imm 4, 0;
    %shiftl 4;
    %store/vec4 v0x55f474db44d0_0, 0, 49;
    %jmp T_0.95;
T_0.94 ;
    %load/vec4 v0x55f474db25f0_0;
    %subi 47, 0, 8;
    %store/vec4 v0x55f474db3ef0_0, 0, 8;
    %load/vec4 v0x55f474db48f0_0;
    %ix/load 4, 48, 0;
    %flag_set/imm 4, 0;
    %shiftl 4;
    %store/vec4 v0x55f474db44d0_0, 0, 49;
T_0.95 ;
T_0.93 ;
T_0.91 ;
T_0.89 ;
T_0.87 ;
T_0.85 ;
T_0.83 ;
T_0.81 ;
T_0.79 ;
T_0.77 ;
T_0.75 ;
T_0.73 ;
T_0.71 ;
T_0.69 ;
T_0.67 ;
T_0.65 ;
T_0.63 ;
T_0.61 ;
T_0.59 ;
T_0.57 ;
T_0.55 ;
T_0.53 ;
T_0.51 ;
T_0.49 ;
T_0.47 ;
T_0.45 ;
T_0.43 ;
T_0.41 ;
T_0.39 ;
T_0.37 ;
T_0.35 ;
T_0.33 ;
T_0.31 ;
T_0.29 ;
T_0.27 ;
T_0.25 ;
T_0.23 ;
T_0.21 ;
T_0.19 ;
T_0.17 ;
T_0.15 ;
T_0.13 ;
T_0.11 ;
T_0.9 ;
T_0.7 ;
T_0.5 ;
T_0.3 ;
T_0.1 ;
    %jmp T_0;
    .thread T_0, $push;
    .scope S_0x55f474d7b790;
T_1 ;
    %wait E_0x55f474db5a50;
    %load/vec4 v0x55f474db6b10_0;
    %dup/vec4;
    %pushi/vec4 0, 0, 3;
    %cmp/u;
    %jmp/1 T_1.0, 6;
    %dup/vec4;
    %pushi/vec4 1, 0, 3;
    %cmp/u;
    %jmp/1 T_1.1, 6;
    %dup/vec4;
    %pushi/vec4 2, 0, 3;
    %cmp/u;
    %jmp/1 T_1.2, 6;
    %dup/vec4;
    %pushi/vec4 3, 0, 3;
    %cmp/u;
    %jmp/1 T_1.3, 6;
    %dup/vec4;
    %pushi/vec4 4, 0, 3;
    %cmp/u;
    %jmp/1 T_1.4, 6;
    %pushi/vec4 0, 0, 3;
    %store/vec4 v0x55f474db75c0_0, 0, 3;
    %jmp T_1.6;
T_1.0 ;
    %load/vec4 v0x55f474db6f20_0;
    %flag_set/vec4 8;
    %jmp/0 T_1.7, 8;
    %pushi/vec4 1, 0, 32;
    %jmp/1 T_1.8, 8;
T_1.7 ; End of true expr.
    %pushi/vec4 0, 0, 32;
    %jmp/0 T_1.8, 8;
 ; End of false expr.
    %blend;
T_1.8;
    %pad/s 3;
    %store/vec4 v0x55f474db75c0_0, 0, 3;
    %jmp T_1.6;
T_1.1 ;
    %pushi/vec4 2, 0, 3;
    %store/vec4 v0x55f474db75c0_0, 0, 3;
    %jmp T_1.6;
T_1.2 ;
    %load/vec4 v0x55f474db6fc0_0;
    %flag_set/vec4 8;
    %jmp/0 T_1.9, 8;
    %load/vec4 v0x55f474db8370_0;
    %flag_set/vec4 9;
    %jmp/0 T_1.11, 9;
    %pushi/vec4 3, 0, 32;
    %jmp/1 T_1.12, 9;
T_1.11 ; End of true expr.
    %pushi/vec4 1, 0, 32;
    %jmp/0 T_1.12, 9;
 ; End of false expr.
    %blend;
T_1.12;
    %jmp/1 T_1.10, 8;
T_1.9 ; End of true expr.
    %pushi/vec4 2, 0, 32;
    %jmp/0 T_1.10, 8;
 ; End of false expr.
    %blend;
T_1.10;
    %pad/s 3;
    %store/vec4 v0x55f474db75c0_0, 0, 3;
    %jmp T_1.6;
T_1.3 ;
    %pushi/vec4 4, 0, 3;
    %store/vec4 v0x55f474db75c0_0, 0, 3;
    %jmp T_1.6;
T_1.4 ;
    %pushi/vec4 4, 0, 3;
    %store/vec4 v0x55f474db75c0_0, 0, 3;
    %jmp T_1.6;
T_1.6 ;
    %pop/vec4 1;
    %jmp T_1;
    .thread T_1, $push;
    .scope S_0x55f474d7b790;
T_2 ;
    %wait E_0x55f474d90780;
    %load/vec4 v0x55f474db7060_0;
    %store/vec4 v0x55f474db7120_0, 0, 4;
    %pushi/vec4 0, 0, 1;
    %store/vec4 v0x55f474db8110_0, 0, 1;
    %pushi/vec4 0, 0, 32;
    %store/vec4 v0x55f474db7a70_0, 0, 32;
    %pushi/vec4 0, 0, 32;
    %store/vec4 v0x55f474db7d10_0, 0, 32;
    %load/vec4 v0x55f474db6b10_0;
    %dup/vec4;
    %pushi/vec4 1, 0, 3;
    %cmp/u;
    %jmp/1 T_2.0, 6;
    %dup/vec4;
    %pushi/vec4 2, 0, 3;
    %cmp/u;
    %jmp/1 T_2.1, 6;
    %jmp T_2.2;
T_2.0 ;
    %pushi/vec4 1, 0, 1;
    %store/vec4 v0x55f474db8110_0, 0, 1;
    %load/vec4 v0x55f474db7060_0;
    %pad/u 5;
    %ix/vec4 4;
    %load/vec4a v0x55f474db73c0, 4;
    %parti/s 32, 0, 2;
    %store/vec4 v0x55f474db7a70_0, 0, 32;
    %load/vec4 v0x55f474db7060_0;
    %pad/u 5;
    %ix/vec4 4;
    %load/vec4a v0x55f474db73c0, 4;
    %parti/s 32, 32, 7;
    %store/vec4 v0x55f474db7d10_0, 0, 32;
    %jmp T_2.2;
T_2.1 ;
    %load/vec4 v0x55f474db6fc0_0;
    %load/vec4 v0x55f474db8370_0;
    %nor/r;
    %and;
    %flag_set/vec4 8;
    %jmp/0 T_2.3, 8;
    %load/vec4 v0x55f474db7060_0;
    %addi 1, 0, 4;
    %jmp/1 T_2.4, 8;
T_2.3 ; End of true expr.
    %load/vec4 v0x55f474db7060_0;
    %jmp/0 T_2.4, 8;
 ; End of false expr.
    %blend;
T_2.4;
    %store/vec4 v0x55f474db7120_0, 0, 4;
    %jmp T_2.2;
T_2.2 ;
    %pop/vec4 1;
    %jmp T_2;
    .thread T_2, $push;
    .scope S_0x55f474d7b790;
T_3 ;
    %wait E_0x55f474cd3f40;
    %load/vec4 v0x55f474db6b10_0;
    %pad/u 32;
    %cmpi/e 0, 0, 32;
    %jmp/0xz  T_3.0, 4;
    %pushi/vec4 0, 0, 32;
    %store/vec4 v0x55f474db6bf0_0, 0, 32;
    %jmp T_3.1;
T_3.0 ;
    %load/vec4 v0x55f474db6b10_0;
    %pad/u 32;
    %pushi/vec4 2, 0, 32;
    %cmp/e;
    %flag_get/vec4 4;
    %load/vec4 v0x55f474db6fc0_0;
    %and;
    %flag_set/vec4 8;
    %jmp/0xz  T_3.2, 8;
    %load/vec4 v0x55f474db6d70_0;
    %load/vec4 v0x55f474db8290_0;
    %cmp/ne;
    %jmp/0xz  T_3.4, 6;
    %vpi_call 2 276 "$display", "Test #%x: Error! A= 0x%x , B= %x , yours= %x , answer= %x", v0x55f474db7060_0, v0x55f474db7200_0, v0x55f474db72e0_0, v0x55f474db6d70_0, v0x55f474db8290_0 {0 0 0};
    %load/vec4 v0x55f474db6bf0_0;
    %addi 1, 0, 32;
    %store/vec4 v0x55f474db6bf0_0, 0, 32;
    %jmp T_3.5;
T_3.4 ;
    %vpi_call 2 280 "$display", "Test #%d: Correct!", v0x55f474db7060_0 {0 0 0};
T_3.5 ;
    %jmp T_3.3;
T_3.2 ;
    %load/vec4 v0x55f474db6b10_0;
    %pad/u 32;
    %cmpi/e 3, 0, 32;
    %jmp/0xz  T_3.6, 4;
    %load/vec4 v0x55f474db6bf0_0;
    %cmpi/e 0, 0, 32;
    %jmp/0xz  T_3.8, 4;
    %vpi_call 2 285 "$display", "ALL PASS!" {0 0 0};
    %jmp T_3.9;
T_3.8 ;
    %vpi_call 2 287 "$display", "#Errors: %d", v0x55f474db6bf0_0 {0 0 0};
T_3.9 ;
T_3.6 ;
T_3.3 ;
T_3.1 ;
    %jmp T_3;
    .thread T_3;
    .scope S_0x55f474d7b790;
T_4 ;
    %wait E_0x55f474cd3ce0;
    %load/vec4 v0x55f474db6e30_0;
    %inv;
    %flag_set/vec4 8;
    %jmp/0xz  T_4.0, 8;
    %pushi/vec4 0, 0, 3;
    %assign/vec4 v0x55f474db6b10_0, 0;
    %pushi/vec4 0, 0, 4;
    %assign/vec4 v0x55f474db7060_0, 0;
    %pushi/vec4 0, 0, 1;
    %assign/vec4 v0x55f474db8050_0, 0;
    %pushi/vec4 0, 0, 32;
    %assign/vec4 v0x55f474db7780_0, 0;
    %pushi/vec4 0, 0, 32;
    %assign/vec4 v0x55f474db7c30_0, 0;
    %jmp T_4.1;
T_4.0 ;
    %load/vec4 v0x55f474db75c0_0;
    %assign/vec4 v0x55f474db6b10_0, 0;
    %load/vec4 v0x55f474db7120_0;
    %assign/vec4 v0x55f474db7060_0, 0;
    %load/vec4 v0x55f474db8110_0;
    %assign/vec4 v0x55f474db8050_0, 0;
    %load/vec4 v0x55f474db7a70_0;
    %assign/vec4 v0x55f474db7780_0, 0;
    %load/vec4 v0x55f474db7d10_0;
    %assign/vec4 v0x55f474db7c30_0, 0;
T_4.1 ;
    %jmp T_4;
    .thread T_4;
    .scope S_0x55f474d87780;
T_5 ;
    %wait E_0x55f474db8ed0;
    %load/vec4 v0x55f474db9f80_0;
    %dup/vec4;
    %pushi/vec4 0, 0, 3;
    %cmp/u;
    %jmp/1 T_5.0, 6;
    %dup/vec4;
    %pushi/vec4 1, 0, 3;
    %cmp/u;
    %jmp/1 T_5.1, 6;
    %dup/vec4;
    %pushi/vec4 2, 0, 3;
    %cmp/u;
    %jmp/1 T_5.2, 6;
    %dup/vec4;
    %pushi/vec4 3, 0, 3;
    %cmp/u;
    %jmp/1 T_5.3, 6;
    %dup/vec4;
    %pushi/vec4 4, 0, 3;
    %cmp/u;
    %jmp/1 T_5.4, 6;
    %pushi/vec4 0, 0, 3;
    %store/vec4 v0x55f474dbaa70_0, 0, 3;
    %jmp T_5.6;
T_5.0 ;
    %load/vec4 v0x55f474dba340_0;
    %flag_set/vec4 8;
    %jmp/0 T_5.7, 8;
    %pushi/vec4 1, 0, 32;
    %jmp/1 T_5.8, 8;
T_5.7 ; End of true expr.
    %pushi/vec4 0, 0, 32;
    %jmp/0 T_5.8, 8;
 ; End of false expr.
    %blend;
T_5.8;
    %pad/s 3;
    %store/vec4 v0x55f474dbaa70_0, 0, 3;
    %jmp T_5.6;
T_5.1 ;
    %pushi/vec4 2, 0, 3;
    %store/vec4 v0x55f474dbaa70_0, 0, 3;
    %jmp T_5.6;
T_5.2 ;
    %load/vec4 v0x55f474dba400_0;
    %flag_set/vec4 8;
    %jmp/0 T_5.9, 8;
    %load/vec4 v0x55f474dbb820_0;
    %flag_set/vec4 9;
    %jmp/0 T_5.11, 9;
    %pushi/vec4 3, 0, 32;
    %jmp/1 T_5.12, 9;
T_5.11 ; End of true expr.
    %pushi/vec4 1, 0, 32;
    %jmp/0 T_5.12, 9;
 ; End of false expr.
    %blend;
T_5.12;
    %jmp/1 T_5.10, 8;
T_5.9 ; End of true expr.
    %pushi/vec4 2, 0, 32;
    %jmp/0 T_5.10, 8;
 ; End of false expr.
    %blend;
T_5.10;
    %pad/s 3;
    %store/vec4 v0x55f474dbaa70_0, 0, 3;
    %jmp T_5.6;
T_5.3 ;
    %pushi/vec4 4, 0, 3;
    %store/vec4 v0x55f474dbaa70_0, 0, 3;
    %jmp T_5.6;
T_5.4 ;
    %pushi/vec4 4, 0, 3;
    %store/vec4 v0x55f474dbaa70_0, 0, 3;
    %jmp T_5.6;
T_5.6 ;
    %pop/vec4 1;
    %jmp T_5;
    .thread T_5, $push;
    .scope S_0x55f474d87780;
T_6 ;
    %wait E_0x55f474db8df0;
    %load/vec4 v0x55f474dba4f0_0;
    %store/vec4 v0x55f474dba5d0_0, 0, 4;
    %pushi/vec4 0, 0, 1;
    %store/vec4 v0x55f474dbb5c0_0, 0, 1;
    %pushi/vec4 0, 0, 32;
    %store/vec4 v0x55f474dbaf20_0, 0, 32;
    %pushi/vec4 0, 0, 32;
    %store/vec4 v0x55f474dbb1c0_0, 0, 32;
    %load/vec4 v0x55f474db9f80_0;
    %dup/vec4;
    %pushi/vec4 1, 0, 3;
    %cmp/u;
    %jmp/1 T_6.0, 6;
    %dup/vec4;
    %pushi/vec4 2, 0, 3;
    %cmp/u;
    %jmp/1 T_6.1, 6;
    %jmp T_6.2;
T_6.0 ;
    %pushi/vec4 1, 0, 1;
    %store/vec4 v0x55f474dbb5c0_0, 0, 1;
    %load/vec4 v0x55f474dba4f0_0;
    %pad/u 5;
    %ix/vec4 4;
    %load/vec4a v0x55f474dba870, 4;
    %parti/s 32, 0, 2;
    %store/vec4 v0x55f474dbaf20_0, 0, 32;
    %load/vec4 v0x55f474dba4f0_0;
    %pad/u 5;
    %ix/vec4 4;
    %load/vec4a v0x55f474dba870, 4;
    %parti/s 32, 32, 7;
    %store/vec4 v0x55f474dbb1c0_0, 0, 32;
    %jmp T_6.2;
T_6.1 ;
    %load/vec4 v0x55f474dba400_0;
    %load/vec4 v0x55f474dbb820_0;
    %nor/r;
    %and;
    %flag_set/vec4 8;
    %jmp/0 T_6.3, 8;
    %load/vec4 v0x55f474dba4f0_0;
    %addi 1, 0, 4;
    %jmp/1 T_6.4, 8;
T_6.3 ; End of true expr.
    %load/vec4 v0x55f474dba4f0_0;
    %jmp/0 T_6.4, 8;
 ; End of false expr.
    %blend;
T_6.4;
    %store/vec4 v0x55f474dba5d0_0, 0, 4;
    %jmp T_6.2;
T_6.2 ;
    %pop/vec4 1;
    %jmp T_6;
    .thread T_6, $push;
    .scope S_0x55f474d87780;
T_7 ;
    %wait E_0x55f474cd3f40;
    %load/vec4 v0x55f474db9f80_0;
    %pad/u 32;
    %cmpi/e 0, 0, 32;
    %jmp/0xz  T_7.0, 4;
    %pushi/vec4 0, 0, 32;
    %store/vec4 v0x55f474dba060_0, 0, 32;
    %jmp T_7.1;
T_7.0 ;
    %load/vec4 v0x55f474db9f80_0;
    %pad/u 32;
    %pushi/vec4 2, 0, 32;
    %cmp/e;
    %flag_get/vec4 4;
    %load/vec4 v0x55f474dba400_0;
    %and;
    %flag_set/vec4 8;
    %jmp/0xz  T_7.2, 8;
    %load/vec4 v0x55f474dba1e0_0;
    %load/vec4 v0x55f474dbb740_0;
    %cmp/ne;
    %jmp/0xz  T_7.4, 6;
    %vpi_call 2 276 "$display", "Test #%x: Error! A= 0x%x , B= %x , yours= %x , answer= %x", v0x55f474dba4f0_0, v0x55f474dba6b0_0, v0x55f474dba790_0, v0x55f474dba1e0_0, v0x55f474dbb740_0 {0 0 0};
    %load/vec4 v0x55f474dba060_0;
    %addi 1, 0, 32;
    %store/vec4 v0x55f474dba060_0, 0, 32;
    %jmp T_7.5;
T_7.4 ;
    %vpi_call 2 280 "$display", "Test #%d: Correct!", v0x55f474dba4f0_0 {0 0 0};
T_7.5 ;
    %jmp T_7.3;
T_7.2 ;
    %load/vec4 v0x55f474db9f80_0;
    %pad/u 32;
    %cmpi/e 3, 0, 32;
    %jmp/0xz  T_7.6, 4;
    %load/vec4 v0x55f474dba060_0;
    %cmpi/e 0, 0, 32;
    %jmp/0xz  T_7.8, 4;
    %vpi_call 2 285 "$display", "ALL PASS!" {0 0 0};
    %jmp T_7.9;
T_7.8 ;
    %vpi_call 2 287 "$display", "#Errors: %d", v0x55f474dba060_0 {0 0 0};
T_7.9 ;
T_7.6 ;
T_7.3 ;
T_7.1 ;
    %jmp T_7;
    .thread T_7;
    .scope S_0x55f474d87780;
T_8 ;
    %wait E_0x55f474cd3ce0;
    %load/vec4 v0x55f474dba2a0_0;
    %inv;
    %flag_set/vec4 8;
    %jmp/0xz  T_8.0, 8;
    %pushi/vec4 0, 0, 3;
    %assign/vec4 v0x55f474db9f80_0, 0;
    %pushi/vec4 0, 0, 4;
    %assign/vec4 v0x55f474dba4f0_0, 0;
    %pushi/vec4 0, 0, 1;
    %assign/vec4 v0x55f474dbb500_0, 0;
    %pushi/vec4 0, 0, 32;
    %assign/vec4 v0x55f474dbac30_0, 0;
    %pushi/vec4 0, 0, 32;
    %assign/vec4 v0x55f474dbb0e0_0, 0;
    %jmp T_8.1;
T_8.0 ;
    %load/vec4 v0x55f474dbaa70_0;
    %assign/vec4 v0x55f474db9f80_0, 0;
    %load/vec4 v0x55f474dba5d0_0;
    %assign/vec4 v0x55f474dba4f0_0, 0;
    %load/vec4 v0x55f474dbb5c0_0;
    %assign/vec4 v0x55f474dbb500_0, 0;
    %load/vec4 v0x55f474dbaf20_0;
    %assign/vec4 v0x55f474dbac30_0, 0;
    %load/vec4 v0x55f474dbb1c0_0;
    %assign/vec4 v0x55f474dbb0e0_0, 0;
T_8.1 ;
    %jmp T_8;
    .thread T_8;
    .scope S_0x55f474d7a3f0;
T_9 ;
    %pushi/vec4 0, 0, 32;
    %store/vec4 v0x55f474dbc7b0_0, 0, 32;
    %end;
    .thread T_9;
    .scope S_0x55f474d7a3f0;
T_10 ;
    %vpi_call 2 131 "$readmemb", "./testcases/test00_input.txt", v0x55f474db73c0 {0 0 0};
    %end;
    .thread T_10;
    .scope S_0x55f474d7a3f0;
T_11 ;
    %vpi_call 2 132 "$readmemb", "./testcases/test00_output.txt", v0x55f474db81d0 {0 0 0};
    %end;
    .thread T_11;
    .scope S_0x55f474d7a3f0;
T_12 ;
    %vpi_call 2 133 "$readmemb", "./testcases/test01_input.txt", v0x55f474dba870 {0 0 0};
    %end;
    .thread T_12;
    .scope S_0x55f474d7a3f0;
T_13 ;
    %vpi_call 2 134 "$readmemb", "./testcases/test01_output.txt", v0x55f474dbb680 {0 0 0};
    %end;
    .thread T_13;
    .scope S_0x55f474d7a3f0;
T_14 ;
    %wait E_0x55f474cfb650;
    %load/vec4 v0x55f474dbba80_0;
    %store/vec4 v0x55f474dbbe20_0, 0, 2;
    %pushi/vec4 0, 0, 1;
    %store/vec4 v0x55f474dbc0e0_0, 0, 1;
    %load/vec4 v0x55f474dbba80_0;
    %dup/vec4;
    %pushi/vec4 0, 0, 2;
    %cmp/u;
    %jmp/1 T_14.0, 6;
    %dup/vec4;
    %pushi/vec4 1, 0, 2;
    %cmp/u;
    %jmp/1 T_14.1, 6;
    %dup/vec4;
    %pushi/vec4 2, 0, 2;
    %cmp/u;
    %jmp/1 T_14.2, 6;
    %dup/vec4;
    %pushi/vec4 3, 0, 2;
    %cmp/u;
    %jmp/1 T_14.3, 6;
    %jmp T_14.4;
T_14.0 ;
    %pushi/vec4 1, 0, 2;
    %store/vec4 v0x55f474dbbe20_0, 0, 2;
    %jmp T_14.4;
T_14.1 ;
    %pushi/vec4 1, 0, 1;
    %ix/load 4, 0, 0;
    %flag_set/imm 4, 0;
    %store/vec4a v0x55f474dbc5b0, 4, 0;
    %ix/load 4, 0, 0;
    %flag_set/imm 4, 0;
    %load/vec4a v0x55f474dbc1b0, 4;
    %store/vec4 v0x55f474dbbee0_0, 0, 32;
    %ix/load 4, 0, 0;
    %flag_set/imm 4, 0;
    %load/vec4a v0x55f474dbc2b0, 4;
    %store/vec4 v0x55f474dbbfa0_0, 0, 32;
    %ix/load 4, 0, 0;
    %flag_set/imm 4, 0;
    %load/vec4a v0x55f474dbc4b0, 4;
    %store/vec4 v0x55f474dbc040_0, 0, 1;
    %ix/load 4, 0, 0;
    %flag_set/imm 4, 0;
    %load/vec4a v0x55f474dbc6b0, 4;
    %store/vec4 v0x55f474dbc0e0_0, 0, 1;
    %ix/load 4, 0, 0;
    %flag_set/imm 4, 0;
    %load/vec4a v0x55f474dbc3b0, 4;
    %flag_set/vec4 8;
    %jmp/0xz  T_14.5, 8;
    %pushi/vec4 2, 0, 2;
    %store/vec4 v0x55f474dbbe20_0, 0, 2;
    %load/vec4 v0x55f474dbc7b0_0;
    %load/vec4 v0x55f474db6bf0_0;
    %add;
    %store/vec4 v0x55f474dbc7b0_0, 0, 32;
    %vpi_call 2 158 "$display", "Finish add test." {0 0 0};
    %vpi_call 2 159 "$display", "==========================================================================================" {0 0 0};
T_14.5 ;
    %jmp T_14.4;
T_14.2 ;
    %pushi/vec4 1, 0, 1;
    %ix/load 4, 1, 0;
    %flag_set/imm 4, 0;
    %store/vec4a v0x55f474dbc5b0, 4, 0;
    %ix/load 4, 1, 0;
    %flag_set/imm 4, 0;
    %load/vec4a v0x55f474dbc1b0, 4;
    %store/vec4 v0x55f474dbbee0_0, 0, 32;
    %ix/load 4, 1, 0;
    %flag_set/imm 4, 0;
    %load/vec4a v0x55f474dbc2b0, 4;
    %store/vec4 v0x55f474dbbfa0_0, 0, 32;
    %ix/load 4, 1, 0;
    %flag_set/imm 4, 0;
    %load/vec4a v0x55f474dbc4b0, 4;
    %store/vec4 v0x55f474dbc040_0, 0, 1;
    %ix/load 4, 1, 0;
    %flag_set/imm 4, 0;
    %load/vec4a v0x55f474dbc6b0, 4;
    %store/vec4 v0x55f474dbc0e0_0, 0, 1;
    %ix/load 4, 1, 0;
    %flag_set/imm 4, 0;
    %load/vec4a v0x55f474dbc3b0, 4;
    %flag_set/vec4 8;
    %jmp/0xz  T_14.7, 8;
    %pushi/vec4 3, 0, 2;
    %store/vec4 v0x55f474dbbe20_0, 0, 2;
    %load/vec4 v0x55f474dbc7b0_0;
    %load/vec4 v0x55f474dba060_0;
    %add;
    %store/vec4 v0x55f474dbc7b0_0, 0, 32;
    %vpi_call 2 171 "$display", "Finish mul test." {0 0 0};
    %vpi_call 2 172 "$display", "==========================================================================================" {0 0 0};
T_14.7 ;
    %jmp T_14.4;
T_14.3 ;
    %pushi/vec4 3, 0, 2;
    %store/vec4 v0x55f474dbbe20_0, 0, 2;
    %vpi_call 2 177 "$display", "Finish all tests." {0 0 0};
    %pushi/vec4 20, 0, 32;
    %load/vec4 v0x55f474dbc7b0_0;
    %sub;
    %vpi_call 2 178 "$display", "Score: %.1f/20.0", S<0,vec4,s32> {1 0 0};
    %vpi_call 2 179 "$finish" {0 0 0};
    %jmp T_14.4;
T_14.4 ;
    %pop/vec4 1;
    %jmp T_14;
    .thread T_14, $push;
    .scope S_0x55f474d7a3f0;
T_15 ;
    %wait E_0x55f474cd3ce0;
    %load/vec4 v0x55f474dbbce0_0;
    %inv;
    %flag_set/vec4 8;
    %jmp/0xz  T_15.0, 8;
    %pushi/vec4 0, 0, 2;
    %assign/vec4 v0x55f474dbba80_0, 0;
    %jmp T_15.1;
T_15.0 ;
    %load/vec4 v0x55f474dbbe20_0;
    %assign/vec4 v0x55f474dbba80_0, 0;
T_15.1 ;
    %jmp T_15;
    .thread T_15;
    .scope S_0x55f474d79f90;
T_16 ;
    %delay 5000, 0;
    %load/vec4 v0x55f474d8ba00_0;
    %inv;
    %store/vec4 v0x55f474d8ba00_0, 0, 1;
    %jmp T_16;
    .thread T_16;
    .scope S_0x55f474d79f90;
T_17 ;
    %pushi/vec4 1, 0, 1;
    %store/vec4 v0x55f474d8ba00_0, 0, 1;
    %pushi/vec4 1, 0, 1;
    %store/vec4 v0x55f474d8fff0_0, 0, 1;
    %delay 2500, 0;
    %pushi/vec4 0, 0, 1;
    %store/vec4 v0x55f474d8fff0_0, 0, 1;
    %delay 47500, 0;
    %vpi_call 2 75 "$display", "==========================================================================================" {0 0 0};
    %vpi_call 2 76 "$display", "Start testing" {0 0 0};
    %vpi_call 2 77 "$display", "==========================================================================================" {0 0 0};
    %pushi/vec4 1, 0, 1;
    %store/vec4 v0x55f474d8fff0_0, 0, 1;
    %delay 10000000, 0;
    %vpi_call 2 79 "$finish" {0 0 0};
    %end;
    .thread T_17;
    .scope S_0x55f474d879b0;
T_18 ;
    %vpi_call 2 15 "$dumpfile", "fpu.vcd" {0 0 0};
    %vpi_call 2 16 "$dumpvars" {0 0 0};
    %end;
    .thread T_18;
# The file index is used to find the file name in the following table.
:file_names 4;
    "N/A";
    "<interactive>";
    "./testbench.v";
    "./codes/fpu.v";
